{"total": {"lines":{"total":3934,"covered":3683,"skipped":0,"pct":93.61},"statements":{"total":3934,"covered":3683,"skipped":0,"pct":93.61},"functions":{"total":105,"covered":92,"skipped":0,"pct":87.61},"branches":{"total":986,"covered":819,"skipped":0,"pct":83.06},"branchesTrue":{"total":0,"covered":0,"skipped":0,"pct":100}}
,"C:\\supabase\\humanproofs1\\artifacts\\humanproof\\src\\data\\companyDatabase.ts": {"lines":{"total":1166,"covered":1122,"skipped":0,"pct":96.22},"functions":{"total":5,"covered":2,"skipped":0,"pct":40},"statements":{"total":1166,"covered":1122,"skipped":0,"pct":96.22},"branches":{"total":15,"covered":15,"skipped":0,"pct":100}}
,"C:\\supabase\\humanproofs1\\artifacts\\humanproof\\src\\data\\industryRiskData.ts": {"lines":{"total":29,"covered":29,"skipped":0,"pct":100},"functions":{"total":0,"covered":0,"skipped":0,"pct":100},"statements":{"total":29,"covered":29,"skipped":0,"pct":100},"branches":{"total":0,"covered":0,"skipped":0,"pct":100}}
,"C:\\supabase\\humanproofs1\\artifacts\\humanproof\\src\\data\\roleExposureData.ts": {"lines":{"total":122,"covered":115,"skipped":0,"pct":94.26},"functions":{"total":6,"covered":3,"skipped":0,"pct":50},"statements":{"total":122,"covered":115,"skipped":0,"pct":94.26},"branches":{"total":11,"covered":11,"skipped":0,"pct":100}}
,"C:\\supabase\\humanproofs1\\artifacts\\humanproof\\src\\services\\careerPathMarket.ts": {"lines":{"total":268,"covered":252,"skipped":0,"pct":94.02},"functions":{"total":6,"covered":4,"skipped":0,"pct":66.66},"statements":{"total":268,"covered":252,"skipped":0,"pct":94.02},"branches":{"total":25,"covered":24,"skipped":0,"pct":96}}
,"C:\\supabase\\humanproofs1\\artifacts\\humanproof\\src\\services\\collapsePredictor.ts": {"lines":{"total":286,"covered":268,"skipped":0,"pct":93.7},"functions":{"total":16,"covered":15,"skipped":0,"pct":93.75},"statements":{"total":286,"covered":268,"skipped":0,"pct":93.7},"branches":{"total":118,"covered":99,"skipped":0,"pct":83.89}}
,"C:\\supabase\\humanproofs1\\artifacts\\humanproof\\src\\services\\financialContextService.ts": {"lines":{"total":118,"covered":116,"skipped":0,"pct":98.3},"functions":{"total":7,"covered":7,"skipped":0,"pct":100},"statements":{"total":118,"covered":116,"skipped":0,"pct":98.3},"branches":{"total":61,"covered":54,"skipped":0,"pct":88.52}}
,"C:\\supabase\\humanproofs1\\artifacts\\humanproof\\src\\services\\layoffScoreEngine.ts": {"lines":{"total":1536,"covered":1440,"skipped":0,"pct":93.75},"functions":{"total":49,"covered":47,"skipped":0,"pct":95.91},"statements":{"total":1536,"covered":1440,"skipped":0,"pct":93.75},"branches":{"total":607,"covered":499,"skipped":0,"pct":82.2}}
,"C:\\supabase\\humanproofs1\\artifacts\\humanproof\\src\\services\\peerPercentile.ts": {"lines":{"total":175,"covered":127,"skipped":0,"pct":72.57},"functions":{"total":9,"covered":7,"skipped":0,"pct":77.77},"statements":{"total":175,"covered":127,"skipped":0,"pct":72.57},"branches":{"total":54,"covered":49,"skipped":0,"pct":90.74}}
,"C:\\supabase\\humanproofs1\\artifacts\\humanproof\\src\\services\\scoreDeltaService.ts": {"lines":{"total":234,"covered":214,"skipped":0,"pct":91.45},"functions":{"total":7,"covered":7,"skipped":0,"pct":100},"statements":{"total":234,"covered":214,"skipped":0,"pct":91.45},"branches":{"total":95,"covered":68,"skipped":0,"pct":71.57}}
}
