{"C:\\supabase\\humanproofs1\\artifacts\\humanproof\\src\\data\\companyDatabase.ts": {"path":"C:\\supabase\\humanproofs1\\artifacts\\humanproof\\src\\data\\companyDatabase.ts","all":false,"statementMap":{"40":{"start":{"line":41,"column":0},"end":{"line":41,"column":47}},"41":{"start":{"line":42,"column":0},"end":{"line":42,"column":3}},"42":{"start":{"line":43,"column":0},"end":{"line":43,"column":19}},"43":{"start":{"line":44,"column":0},"end":{"line":44,"column":20}},"44":{"start":{"line":45,"column":0},"end":{"line":45,"column":19}},"45":{"start":{"line":46,"column":0},"end":{"line":46,"column":27}},"46":{"start":{"line":47,"column":0},"end":{"line":47,"column":17}},"47":{"start":{"line":48,"column":0},"end":{"line":48,"column":26}},"48":{"start":{"line":49,"column":0},"end":{"line":49,"column":25}},"49":{"start":{"line":50,"column":0},"end":{"line":50,"column":24}},"50":{"start":{"line":51,"column":0},"end":{"line":51,"column":26}},"51":{"start":{"line":52,"column":0},"end":{"line":52,"column":44}},"52":{"start":{"line":53,"column":0},"end":{"line":53,"column":6}},"53":{"start":{"line":54,"column":0},"end":{"line":54,"column":20}},"54":{"start":{"line":55,"column":0},"end":{"line":55,"column":25}},"55":{"start":{"line":56,"column":0},"end":{"line":56,"column":31}},"56":{"start":{"line":57,"column":0},"end":{"line":57,"column":31}},"57":{"start":{"line":58,"column":0},"end":{"line":58,"column":39}},"58":{"start":{"line":59,"column":0},"end":{"line":59,"column":30}},"59":{"start":{"line":60,"column":0},"end":{"line":60,"column":4}},"60":{"start":{"line":61,"column":0},"end":{"line":61,"column":3}},"61":{"start":{"line":62,"column":0},"end":{"line":62,"column":17}},"62":{"start":{"line":63,"column":0},"end":{"line":63,"column":19}},"63":{"start":{"line":64,"column":0},"end":{"line":64,"column":19}},"64":{"start":{"line":65,"column":0},"end":{"line":65,"column":27}},"65":{"start":{"line":66,"column":0},"end":{"line":66,"column":17}},"66":{"start":{"line":67,"column":0},"end":{"line":67,"column":25}},"67":{"start":{"line":68,"column":0},"end":{"line":68,"column":25}},"68":{"start":{"line":69,"column":0},"end":{"line":69,"column":25}},"69":{"start":{"line":70,"column":0},"end":{"line":70,"column":26}},"70":{"start":{"line":71,"column":0},"end":{"line":71,"column":44}},"71":{"start":{"line":72,"column":0},"end":{"line":72,"column":44}},"72":{"start":{"line":73,"column":0},"end":{"line":73,"column":6}},"73":{"start":{"line":74,"column":0},"end":{"line":74,"column":20}},"74":{"start":{"line":75,"column":0},"end":{"line":75,"column":25}},"75":{"start":{"line":76,"column":0},"end":{"line":76,"column":31}},"76":{"start":{"line":77,"column":0},"end":{"line":77,"column":36}},"77":{"start":{"line":78,"column":0},"end":{"line":78,"column":39}},"78":{"start":{"line":79,"column":0},"end":{"line":79,"column":30}},"79":{"start":{"line":80,"column":0},"end":{"line":80,"column":4}},"80":{"start":{"line":81,"column":0},"end":{"line":81,"column":3}},"81":{"start":{"line":82,"column":0},"end":{"line":82,"column":19}},"82":{"start":{"line":83,"column":0},"end":{"line":83,"column":19}},"83":{"start":{"line":84,"column":0},"end":{"line":84,"column":19}},"84":{"start":{"line":85,"column":0},"end":{"line":85,"column":27}},"85":{"start":{"line":86,"column":0},"end":{"line":86,"column":17}},"86":{"start":{"line":87,"column":0},"end":{"line":87,"column":27}},"87":{"start":{"line":88,"column":0},"end":{"line":88,"column":25}},"88":{"start":{"line":89,"column":0},"end":{"line":89,"column":24}},"89":{"start":{"line":90,"column":0},"end":{"line":90,"column":26}},"90":{"start":{"line":91,"column":0},"end":{"line":91,"column":44}},"91":{"start":{"line":92,"column":0},"end":{"line":92,"column":44}},"92":{"start":{"line":93,"column":0},"end":{"line":93,"column":6}},"93":{"start":{"line":94,"column":0},"end":{"line":94,"column":20}},"94":{"start":{"line":95,"column":0},"end":{"line":95,"column":25}},"95":{"start":{"line":96,"column":0},"end":{"line":96,"column":31}},"96":{"start":{"line":97,"column":0},"end":{"line":97,"column":36}},"97":{"start":{"line":98,"column":0},"end":{"line":98,"column":39}},"98":{"start":{"line":99,"column":0},"end":{"line":99,"column":30}},"99":{"start":{"line":100,"column":0},"end":{"line":100,"column":4}},"100":{"start":{"line":101,"column":0},"end":{"line":101,"column":3}},"101":{"start":{"line":102,"column":0},"end":{"line":102,"column":19}},"102":{"start":{"line":103,"column":0},"end":{"line":103,"column":19}},"103":{"start":{"line":104,"column":0},"end":{"line":104,"column":19}},"104":{"start":{"line":105,"column":0},"end":{"line":105,"column":27}},"105":{"start":{"line":106,"column":0},"end":{"line":106,"column":17}},"106":{"start":{"line":107,"column":0},"end":{"line":107,"column":26}},"107":{"start":{"line":108,"column":0},"end":{"line":108,"column":24}},"108":{"start":{"line":109,"column":0},"end":{"line":109,"column":26}},"109":{"start":{"line":110,"column":0},"end":{"line":110,"column":26}},"110":{"start":{"line":111,"column":0},"end":{"line":111,"column":45}},"111":{"start":{"line":112,"column":0},"end":{"line":112,"column":6}},"112":{"start":{"line":113,"column":0},"end":{"line":113,"column":20}},"113":{"start":{"line":114,"column":0},"end":{"line":114,"column":26}},"114":{"start":{"line":115,"column":0},"end":{"line":115,"column":31}},"115":{"start":{"line":116,"column":0},"end":{"line":116,"column":31}},"116":{"start":{"line":117,"column":0},"end":{"line":117,"column":39}},"117":{"start":{"line":118,"column":0},"end":{"line":118,"column":30}},"118":{"start":{"line":119,"column":0},"end":{"line":119,"column":4}},"119":{"start":{"line":120,"column":0},"end":{"line":120,"column":3}},"120":{"start":{"line":121,"column":0},"end":{"line":121,"column":18}},"121":{"start":{"line":122,"column":0},"end":{"line":122,"column":19}},"122":{"start":{"line":123,"column":0},"end":{"line":123,"column":19}},"123":{"start":{"line":124,"column":0},"end":{"line":124,"column":27}},"124":{"start":{"line":125,"column":0},"end":{"line":125,"column":17}},"125":{"start":{"line":126,"column":0},"end":{"line":126,"column":26}},"126":{"start":{"line":127,"column":0},"end":{"line":127,"column":24}},"127":{"start":{"line":128,"column":0},"end":{"line":128,"column":24}},"128":{"start":{"line":129,"column":0},"end":{"line":129,"column":28}},"129":{"start":{"line":130,"column":0},"end":{"line":130,"column":20}},"130":{"start":{"line":131,"column":0},"end":{"line":131,"column":28}},"131":{"start":{"line":132,"column":0},"end":{"line":132,"column":32}},"132":{"start":{"line":133,"column":0},"end":{"line":133,"column":31}},"133":{"start":{"line":134,"column":0},"end":{"line":134,"column":39}},"134":{"start":{"line":135,"column":0},"end":{"line":135,"column":30}},"135":{"start":{"line":136,"column":0},"end":{"line":136,"column":4}},"136":{"start":{"line":137,"column":0},"end":{"line":137,"column":3}},"137":{"start":{"line":138,"column":0},"end":{"line":138,"column":22}},"138":{"start":{"line":139,"column":0},"end":{"line":139,"column":19}},"139":{"start":{"line":140,"column":0},"end":{"line":140,"column":19}},"140":{"start":{"line":141,"column":0},"end":{"line":141,"column":27}},"141":{"start":{"line":142,"column":0},"end":{"line":142,"column":17}},"142":{"start":{"line":143,"column":0},"end":{"line":143,"column":26}},"143":{"start":{"line":144,"column":0},"end":{"line":144,"column":25}},"144":{"start":{"line":145,"column":0},"end":{"line":145,"column":25}},"145":{"start":{"line":146,"column":0},"end":{"line":146,"column":26}},"146":{"start":{"line":147,"column":0},"end":{"line":147,"column":44}},"147":{"start":{"line":148,"column":0},"end":{"line":148,"column":6}},"148":{"start":{"line":149,"column":0},"end":{"line":149,"column":20}},"149":{"start":{"line":150,"column":0},"end":{"line":150,"column":25}},"150":{"start":{"line":151,"column":0},"end":{"line":151,"column":31}},"151":{"start":{"line":152,"column":0},"end":{"line":152,"column":36}},"152":{"start":{"line":153,"column":0},"end":{"line":153,"column":39}},"153":{"start":{"line":154,"column":0},"end":{"line":154,"column":30}},"154":{"start":{"line":155,"column":0},"end":{"line":155,"column":4}},"155":{"start":{"line":156,"column":0},"end":{"line":156,"column":3}},"156":{"start":{"line":157,"column":0},"end":{"line":157,"column":23}},"157":{"start":{"line":158,"column":0},"end":{"line":158,"column":18}},"158":{"start":{"line":159,"column":0},"end":{"line":159,"column":19}},"159":{"start":{"line":160,"column":0},"end":{"line":160,"column":27}},"160":{"start":{"line":161,"column":0},"end":{"line":161,"column":17}},"161":{"start":{"line":162,"column":0},"end":{"line":162,"column":25}},"162":{"start":{"line":163,"column":0},"end":{"line":163,"column":25}},"163":{"start":{"line":164,"column":0},"end":{"line":164,"column":25}},"164":{"start":{"line":165,"column":0},"end":{"line":165,"column":26}},"165":{"start":{"line":166,"column":0},"end":{"line":166,"column":44}},"166":{"start":{"line":167,"column":0},"end":{"line":167,"column":6}},"167":{"start":{"line":168,"column":0},"end":{"line":168,"column":20}},"168":{"start":{"line":169,"column":0},"end":{"line":169,"column":25}},"169":{"start":{"line":170,"column":0},"end":{"line":170,"column":31}},"170":{"start":{"line":171,"column":0},"end":{"line":171,"column":36}},"171":{"start":{"line":172,"column":0},"end":{"line":172,"column":39}},"172":{"start":{"line":173,"column":0},"end":{"line":173,"column":30}},"173":{"start":{"line":174,"column":0},"end":{"line":174,"column":4}},"174":{"start":{"line":175,"column":0},"end":{"line":175,"column":3}},"175":{"start":{"line":176,"column":0},"end":{"line":176,"column":19}},"176":{"start":{"line":177,"column":0},"end":{"line":177,"column":20}},"177":{"start":{"line":178,"column":0},"end":{"line":178,"column":35}},"178":{"start":{"line":179,"column":0},"end":{"line":179,"column":17}},"179":{"start":{"line":180,"column":0},"end":{"line":180,"column":24}},"180":{"start":{"line":181,"column":0},"end":{"line":181,"column":25}},"181":{"start":{"line":182,"column":0},"end":{"line":182,"column":27}},"182":{"start":{"line":183,"column":0},"end":{"line":183,"column":28}},"183":{"start":{"line":184,"column":0},"end":{"line":184,"column":20}},"184":{"start":{"line":185,"column":0},"end":{"line":185,"column":28}},"185":{"start":{"line":186,"column":0},"end":{"line":186,"column":31}},"186":{"start":{"line":187,"column":0},"end":{"line":187,"column":31}},"187":{"start":{"line":188,"column":0},"end":{"line":188,"column":25}},"188":{"start":{"line":189,"column":0},"end":{"line":189,"column":30}},"189":{"start":{"line":190,"column":0},"end":{"line":190,"column":4}},"190":{"start":{"line":191,"column":0},"end":{"line":191,"column":3}},"191":{"start":{"line":192,"column":0},"end":{"line":192,"column":21}},"192":{"start":{"line":193,"column":0},"end":{"line":193,"column":20}},"193":{"start":{"line":194,"column":0},"end":{"line":194,"column":27}},"194":{"start":{"line":195,"column":0},"end":{"line":195,"column":21}},"195":{"start":{"line":196,"column":0},"end":{"line":196,"column":25}},"196":{"start":{"line":197,"column":0},"end":{"line":197,"column":24}},"197":{"start":{"line":198,"column":0},"end":{"line":198,"column":27}},"198":{"start":{"line":199,"column":0},"end":{"line":199,"column":26}},"199":{"start":{"line":200,"column":0},"end":{"line":200,"column":44}},"200":{"start":{"line":201,"column":0},"end":{"line":201,"column":6}},"201":{"start":{"line":202,"column":0},"end":{"line":202,"column":20}},"202":{"start":{"line":203,"column":0},"end":{"line":203,"column":25}},"203":{"start":{"line":204,"column":0},"end":{"line":204,"column":31}},"204":{"start":{"line":205,"column":0},"end":{"line":205,"column":33}},"205":{"start":{"line":206,"column":0},"end":{"line":206,"column":39}},"206":{"start":{"line":207,"column":0},"end":{"line":207,"column":30}},"207":{"start":{"line":208,"column":0},"end":{"line":208,"column":4}},"208":{"start":{"line":209,"column":0},"end":{"line":209,"column":3}},"209":{"start":{"line":210,"column":0},"end":{"line":210,"column":38}},"210":{"start":{"line":211,"column":0},"end":{"line":211,"column":18}},"211":{"start":{"line":212,"column":0},"end":{"line":212,"column":19}},"212":{"start":{"line":213,"column":0},"end":{"line":213,"column":27}},"213":{"start":{"line":214,"column":0},"end":{"line":214,"column":17}},"214":{"start":{"line":215,"column":0},"end":{"line":215,"column":26}},"215":{"start":{"line":216,"column":0},"end":{"line":216,"column":25}},"216":{"start":{"line":217,"column":0},"end":{"line":217,"column":25}},"217":{"start":{"line":218,"column":0},"end":{"line":218,"column":28}},"218":{"start":{"line":219,"column":0},"end":{"line":219,"column":20}},"219":{"start":{"line":220,"column":0},"end":{"line":220,"column":28}},"220":{"start":{"line":221,"column":0},"end":{"line":221,"column":69}},"221":{"start":{"line":222,"column":0},"end":{"line":222,"column":31}},"222":{"start":{"line":223,"column":0},"end":{"line":223,"column":25}},"223":{"start":{"line":224,"column":0},"end":{"line":224,"column":30}},"224":{"start":{"line":225,"column":0},"end":{"line":225,"column":4}},"225":{"start":{"line":226,"column":0},"end":{"line":226,"column":3}},"226":{"start":{"line":227,"column":0},"end":{"line":227,"column":20}},"227":{"start":{"line":228,"column":0},"end":{"line":228,"column":19}},"228":{"start":{"line":229,"column":0},"end":{"line":229,"column":19}},"229":{"start":{"line":230,"column":0},"end":{"line":230,"column":27}},"230":{"start":{"line":231,"column":0},"end":{"line":231,"column":17}},"231":{"start":{"line":232,"column":0},"end":{"line":232,"column":26}},"232":{"start":{"line":233,"column":0},"end":{"line":233,"column":24}},"233":{"start":{"line":234,"column":0},"end":{"line":234,"column":25}},"234":{"start":{"line":235,"column":0},"end":{"line":235,"column":28}},"235":{"start":{"line":236,"column":0},"end":{"line":236,"column":20}},"236":{"start":{"line":237,"column":0},"end":{"line":237,"column":28}},"237":{"start":{"line":238,"column":0},"end":{"line":238,"column":30}},"238":{"start":{"line":239,"column":0},"end":{"line":239,"column":31}},"239":{"start":{"line":240,"column":0},"end":{"line":240,"column":25}},"240":{"start":{"line":241,"column":0},"end":{"line":241,"column":30}},"241":{"start":{"line":242,"column":0},"end":{"line":242,"column":4}},"242":{"start":{"line":243,"column":0},"end":{"line":243,"column":3}},"243":{"start":{"line":244,"column":0},"end":{"line":244,"column":18}},"244":{"start":{"line":245,"column":0},"end":{"line":245,"column":18}},"245":{"start":{"line":246,"column":0},"end":{"line":246,"column":19}},"246":{"start":{"line":247,"column":0},"end":{"line":247,"column":27}},"247":{"start":{"line":248,"column":0},"end":{"line":248,"column":17}},"248":{"start":{"line":249,"column":0},"end":{"line":249,"column":26}},"249":{"start":{"line":250,"column":0},"end":{"line":250,"column":24}},"250":{"start":{"line":251,"column":0},"end":{"line":251,"column":25}},"251":{"start":{"line":252,"column":0},"end":{"line":252,"column":26}},"252":{"start":{"line":253,"column":0},"end":{"line":253,"column":44}},"253":{"start":{"line":254,"column":0},"end":{"line":254,"column":6}},"254":{"start":{"line":255,"column":0},"end":{"line":255,"column":20}},"255":{"start":{"line":256,"column":0},"end":{"line":256,"column":25}},"256":{"start":{"line":257,"column":0},"end":{"line":257,"column":30}},"257":{"start":{"line":258,"column":0},"end":{"line":258,"column":33}},"258":{"start":{"line":259,"column":0},"end":{"line":259,"column":25}},"259":{"start":{"line":260,"column":0},"end":{"line":260,"column":30}},"260":{"start":{"line":261,"column":0},"end":{"line":261,"column":4}},"261":{"start":{"line":262,"column":0},"end":{"line":262,"column":3}},"262":{"start":{"line":263,"column":0},"end":{"line":263,"column":20}},"263":{"start":{"line":264,"column":0},"end":{"line":264,"column":19}},"264":{"start":{"line":265,"column":0},"end":{"line":265,"column":19}},"265":{"start":{"line":266,"column":0},"end":{"line":266,"column":35}},"266":{"start":{"line":267,"column":0},"end":{"line":267,"column":17}},"267":{"start":{"line":268,"column":0},"end":{"line":268,"column":25}},"268":{"start":{"line":269,"column":0},"end":{"line":269,"column":25}},"269":{"start":{"line":270,"column":0},"end":{"line":270,"column":25}},"270":{"start":{"line":271,"column":0},"end":{"line":271,"column":28}},"271":{"start":{"line":272,"column":0},"end":{"line":272,"column":20}},"272":{"start":{"line":273,"column":0},"end":{"line":273,"column":28}},"273":{"start":{"line":274,"column":0},"end":{"line":274,"column":32}},"274":{"start":{"line":275,"column":0},"end":{"line":275,"column":31}},"275":{"start":{"line":276,"column":0},"end":{"line":276,"column":25}},"276":{"start":{"line":277,"column":0},"end":{"line":277,"column":30}},"277":{"start":{"line":278,"column":0},"end":{"line":278,"column":4}},"278":{"start":{"line":279,"column":0},"end":{"line":279,"column":3}},"279":{"start":{"line":280,"column":0},"end":{"line":280,"column":18}},"280":{"start":{"line":281,"column":0},"end":{"line":281,"column":19}},"281":{"start":{"line":282,"column":0},"end":{"line":282,"column":19}},"282":{"start":{"line":283,"column":0},"end":{"line":283,"column":30}},"283":{"start":{"line":284,"column":0},"end":{"line":284,"column":17}},"284":{"start":{"line":285,"column":0},"end":{"line":285,"column":26}},"285":{"start":{"line":286,"column":0},"end":{"line":286,"column":25}},"286":{"start":{"line":287,"column":0},"end":{"line":287,"column":26}},"287":{"start":{"line":288,"column":0},"end":{"line":288,"column":26}},"288":{"start":{"line":289,"column":0},"end":{"line":289,"column":45}},"289":{"start":{"line":290,"column":0},"end":{"line":290,"column":6}},"290":{"start":{"line":291,"column":0},"end":{"line":291,"column":20}},"291":{"start":{"line":292,"column":0},"end":{"line":292,"column":26}},"292":{"start":{"line":293,"column":0},"end":{"line":293,"column":31}},"293":{"start":{"line":294,"column":0},"end":{"line":294,"column":36}},"294":{"start":{"line":295,"column":0},"end":{"line":295,"column":39}},"295":{"start":{"line":296,"column":0},"end":{"line":296,"column":30}},"296":{"start":{"line":297,"column":0},"end":{"line":297,"column":4}},"297":{"start":{"line":298,"column":0},"end":{"line":298,"column":3}},"298":{"start":{"line":299,"column":0},"end":{"line":299,"column":27}},"299":{"start":{"line":300,"column":0},"end":{"line":300,"column":18}},"300":{"start":{"line":301,"column":0},"end":{"line":301,"column":19}},"301":{"start":{"line":302,"column":0},"end":{"line":302,"column":35}},"302":{"start":{"line":303,"column":0},"end":{"line":303,"column":17}},"303":{"start":{"line":304,"column":0},"end":{"line":304,"column":26}},"304":{"start":{"line":305,"column":0},"end":{"line":305,"column":24}},"305":{"start":{"line":306,"column":0},"end":{"line":306,"column":24}},"306":{"start":{"line":307,"column":0},"end":{"line":307,"column":28}},"307":{"start":{"line":308,"column":0},"end":{"line":308,"column":20}},"308":{"start":{"line":309,"column":0},"end":{"line":309,"column":28}},"309":{"start":{"line":310,"column":0},"end":{"line":310,"column":31}},"310":{"start":{"line":311,"column":0},"end":{"line":311,"column":31}},"311":{"start":{"line":312,"column":0},"end":{"line":312,"column":25}},"312":{"start":{"line":313,"column":0},"end":{"line":313,"column":30}},"313":{"start":{"line":314,"column":0},"end":{"line":314,"column":4}},"314":{"start":{"line":315,"column":0},"end":{"line":315,"column":3}},"315":{"start":{"line":316,"column":0},"end":{"line":316,"column":17}},"316":{"start":{"line":317,"column":0},"end":{"line":317,"column":19}},"317":{"start":{"line":318,"column":0},"end":{"line":318,"column":19}},"318":{"start":{"line":319,"column":0},"end":{"line":319,"column":31}},"319":{"start":{"line":320,"column":0},"end":{"line":320,"column":17}},"320":{"start":{"line":321,"column":0},"end":{"line":321,"column":25}},"321":{"start":{"line":322,"column":0},"end":{"line":322,"column":25}},"322":{"start":{"line":323,"column":0},"end":{"line":323,"column":24}},"323":{"start":{"line":324,"column":0},"end":{"line":324,"column":28}},"324":{"start":{"line":325,"column":0},"end":{"line":325,"column":20}},"325":{"start":{"line":326,"column":0},"end":{"line":326,"column":28}},"326":{"start":{"line":327,"column":0},"end":{"line":327,"column":32}},"327":{"start":{"line":328,"column":0},"end":{"line":328,"column":31}},"328":{"start":{"line":329,"column":0},"end":{"line":329,"column":25}},"329":{"start":{"line":330,"column":0},"end":{"line":330,"column":30}},"330":{"start":{"line":331,"column":0},"end":{"line":331,"column":4}},"331":{"start":{"line":332,"column":0},"end":{"line":332,"column":3}},"332":{"start":{"line":333,"column":0},"end":{"line":333,"column":20}},"333":{"start":{"line":334,"column":0},"end":{"line":334,"column":19}},"334":{"start":{"line":335,"column":0},"end":{"line":335,"column":19}},"335":{"start":{"line":336,"column":0},"end":{"line":336,"column":35}},"336":{"start":{"line":337,"column":0},"end":{"line":337,"column":17}},"337":{"start":{"line":338,"column":0},"end":{"line":338,"column":24}},"338":{"start":{"line":339,"column":0},"end":{"line":339,"column":25}},"339":{"start":{"line":340,"column":0},"end":{"line":340,"column":25}},"340":{"start":{"line":341,"column":0},"end":{"line":341,"column":26}},"341":{"start":{"line":342,"column":0},"end":{"line":342,"column":45}},"342":{"start":{"line":343,"column":0},"end":{"line":343,"column":6}},"343":{"start":{"line":344,"column":0},"end":{"line":344,"column":20}},"344":{"start":{"line":345,"column":0},"end":{"line":345,"column":26}},"345":{"start":{"line":346,"column":0},"end":{"line":346,"column":32}},"346":{"start":{"line":347,"column":0},"end":{"line":347,"column":33}},"347":{"start":{"line":348,"column":0},"end":{"line":348,"column":39}},"348":{"start":{"line":349,"column":0},"end":{"line":349,"column":30}},"349":{"start":{"line":350,"column":0},"end":{"line":350,"column":4}},"350":{"start":{"line":351,"column":0},"end":{"line":351,"column":3}},"351":{"start":{"line":352,"column":0},"end":{"line":352,"column":22}},"352":{"start":{"line":353,"column":0},"end":{"line":353,"column":19}},"353":{"start":{"line":354,"column":0},"end":{"line":354,"column":18}},"354":{"start":{"line":355,"column":0},"end":{"line":355,"column":27}},"355":{"start":{"line":356,"column":0},"end":{"line":356,"column":21}},"356":{"start":{"line":357,"column":0},"end":{"line":357,"column":26}},"357":{"start":{"line":358,"column":0},"end":{"line":358,"column":24}},"358":{"start":{"line":359,"column":0},"end":{"line":359,"column":25}},"359":{"start":{"line":360,"column":0},"end":{"line":360,"column":26}},"360":{"start":{"line":361,"column":0},"end":{"line":361,"column":46}},"361":{"start":{"line":362,"column":0},"end":{"line":362,"column":6}},"362":{"start":{"line":363,"column":0},"end":{"line":363,"column":20}},"363":{"start":{"line":364,"column":0},"end":{"line":364,"column":27}},"364":{"start":{"line":365,"column":0},"end":{"line":365,"column":30}},"365":{"start":{"line":366,"column":0},"end":{"line":366,"column":31}},"366":{"start":{"line":367,"column":0},"end":{"line":367,"column":39}},"367":{"start":{"line":368,"column":0},"end":{"line":368,"column":30}},"368":{"start":{"line":369,"column":0},"end":{"line":369,"column":4}},"371":{"start":{"line":372,"column":0},"end":{"line":372,"column":3}},"372":{"start":{"line":373,"column":0},"end":{"line":373,"column":29}},"373":{"start":{"line":374,"column":0},"end":{"line":374,"column":22}},"374":{"start":{"line":375,"column":0},"end":{"line":375,"column":19}},"375":{"start":{"line":376,"column":0},"end":{"line":376,"column":28}},"376":{"start":{"line":377,"column":0},"end":{"line":377,"column":17}},"377":{"start":{"line":378,"column":0},"end":{"line":378,"column":26}},"378":{"start":{"line":379,"column":0},"end":{"line":379,"column":24}},"379":{"start":{"line":380,"column":0},"end":{"line":380,"column":25}},"380":{"start":{"line":381,"column":0},"end":{"line":381,"column":28}},"381":{"start":{"line":382,"column":0},"end":{"line":382,"column":20}},"382":{"start":{"line":383,"column":0},"end":{"line":383,"column":28}},"383":{"start":{"line":384,"column":0},"end":{"line":384,"column":30}},"384":{"start":{"line":385,"column":0},"end":{"line":385,"column":33}},"385":{"start":{"line":386,"column":0},"end":{"line":386,"column":47}},"386":{"start":{"line":387,"column":0},"end":{"line":387,"column":30}},"387":{"start":{"line":388,"column":0},"end":{"line":388,"column":38}},"388":{"start":{"line":389,"column":0},"end":{"line":389,"column":4}},"389":{"start":{"line":390,"column":0},"end":{"line":390,"column":3}},"390":{"start":{"line":391,"column":0},"end":{"line":391,"column":26}},"391":{"start":{"line":392,"column":0},"end":{"line":392,"column":20}},"392":{"start":{"line":393,"column":0},"end":{"line":393,"column":19}},"393":{"start":{"line":394,"column":0},"end":{"line":394,"column":28}},"394":{"start":{"line":395,"column":0},"end":{"line":395,"column":17}},"395":{"start":{"line":396,"column":0},"end":{"line":396,"column":26}},"396":{"start":{"line":397,"column":0},"end":{"line":397,"column":25}},"397":{"start":{"line":398,"column":0},"end":{"line":398,"column":26}},"398":{"start":{"line":399,"column":0},"end":{"line":399,"column":26}},"399":{"start":{"line":400,"column":0},"end":{"line":400,"column":44}},"400":{"start":{"line":401,"column":0},"end":{"line":401,"column":6}},"401":{"start":{"line":402,"column":0},"end":{"line":402,"column":20}},"402":{"start":{"line":403,"column":0},"end":{"line":403,"column":25}},"403":{"start":{"line":404,"column":0},"end":{"line":404,"column":30}},"404":{"start":{"line":405,"column":0},"end":{"line":405,"column":33}},"405":{"start":{"line":406,"column":0},"end":{"line":406,"column":49}},"406":{"start":{"line":407,"column":0},"end":{"line":407,"column":30}},"407":{"start":{"line":408,"column":0},"end":{"line":408,"column":39}},"408":{"start":{"line":409,"column":0},"end":{"line":409,"column":24}},"409":{"start":{"line":410,"column":0},"end":{"line":410,"column":4}},"410":{"start":{"line":411,"column":0},"end":{"line":411,"column":3}},"411":{"start":{"line":412,"column":0},"end":{"line":412,"column":36}},"412":{"start":{"line":413,"column":0},"end":{"line":413,"column":19}},"413":{"start":{"line":414,"column":0},"end":{"line":414,"column":19}},"414":{"start":{"line":415,"column":0},"end":{"line":415,"column":40}},"415":{"start":{"line":416,"column":0},"end":{"line":416,"column":17}},"416":{"start":{"line":417,"column":0},"end":{"line":417,"column":25}},"417":{"start":{"line":418,"column":0},"end":{"line":418,"column":24}},"418":{"start":{"line":419,"column":0},"end":{"line":419,"column":24}},"419":{"start":{"line":420,"column":0},"end":{"line":420,"column":28}},"420":{"start":{"line":421,"column":0},"end":{"line":421,"column":20}},"421":{"start":{"line":422,"column":0},"end":{"line":422,"column":28}},"422":{"start":{"line":423,"column":0},"end":{"line":423,"column":30}},"423":{"start":{"line":424,"column":0},"end":{"line":424,"column":33}},"424":{"start":{"line":425,"column":0},"end":{"line":425,"column":28}},"425":{"start":{"line":426,"column":0},"end":{"line":426,"column":30}},"426":{"start":{"line":427,"column":0},"end":{"line":427,"column":38}},"427":{"start":{"line":428,"column":0},"end":{"line":428,"column":4}},"428":{"start":{"line":429,"column":0},"end":{"line":429,"column":3}},"429":{"start":{"line":430,"column":0},"end":{"line":430,"column":20}},"430":{"start":{"line":431,"column":0},"end":{"line":431,"column":22}},"431":{"start":{"line":432,"column":0},"end":{"line":432,"column":19}},"432":{"start":{"line":433,"column":0},"end":{"line":433,"column":28}},"433":{"start":{"line":434,"column":0},"end":{"line":434,"column":17}},"434":{"start":{"line":435,"column":0},"end":{"line":435,"column":25}},"435":{"start":{"line":436,"column":0},"end":{"line":436,"column":24}},"436":{"start":{"line":437,"column":0},"end":{"line":437,"column":26}},"437":{"start":{"line":438,"column":0},"end":{"line":438,"column":26}},"438":{"start":{"line":439,"column":0},"end":{"line":439,"column":44}},"439":{"start":{"line":440,"column":0},"end":{"line":440,"column":6}},"440":{"start":{"line":441,"column":0},"end":{"line":441,"column":20}},"441":{"start":{"line":442,"column":0},"end":{"line":442,"column":25}},"442":{"start":{"line":443,"column":0},"end":{"line":443,"column":30}},"443":{"start":{"line":444,"column":0},"end":{"line":444,"column":33}},"444":{"start":{"line":445,"column":0},"end":{"line":445,"column":32}},"445":{"start":{"line":446,"column":0},"end":{"line":446,"column":30}},"446":{"start":{"line":447,"column":0},"end":{"line":447,"column":4}},"447":{"start":{"line":448,"column":0},"end":{"line":448,"column":3}},"448":{"start":{"line":449,"column":0},"end":{"line":449,"column":31}},"449":{"start":{"line":450,"column":0},"end":{"line":450,"column":25}},"450":{"start":{"line":451,"column":0},"end":{"line":451,"column":19}},"451":{"start":{"line":452,"column":0},"end":{"line":452,"column":28}},"452":{"start":{"line":453,"column":0},"end":{"line":453,"column":17}},"453":{"start":{"line":454,"column":0},"end":{"line":454,"column":25}},"454":{"start":{"line":455,"column":0},"end":{"line":455,"column":25}},"455":{"start":{"line":456,"column":0},"end":{"line":456,"column":25}},"456":{"start":{"line":457,"column":0},"end":{"line":457,"column":28}},"457":{"start":{"line":458,"column":0},"end":{"line":458,"column":20}},"458":{"start":{"line":459,"column":0},"end":{"line":459,"column":28}},"459":{"start":{"line":460,"column":0},"end":{"line":460,"column":30}},"460":{"start":{"line":461,"column":0},"end":{"line":461,"column":31}},"461":{"start":{"line":462,"column":0},"end":{"line":462,"column":28}},"462":{"start":{"line":463,"column":0},"end":{"line":463,"column":30}},"463":{"start":{"line":464,"column":0},"end":{"line":464,"column":38}},"464":{"start":{"line":465,"column":0},"end":{"line":465,"column":4}},"465":{"start":{"line":466,"column":0},"end":{"line":466,"column":3}},"466":{"start":{"line":467,"column":0},"end":{"line":467,"column":34}},"467":{"start":{"line":468,"column":0},"end":{"line":468,"column":20}},"468":{"start":{"line":469,"column":0},"end":{"line":469,"column":28}},"469":{"start":{"line":470,"column":0},"end":{"line":470,"column":17}},"470":{"start":{"line":471,"column":0},"end":{"line":471,"column":25}},"471":{"start":{"line":472,"column":0},"end":{"line":472,"column":25}},"472":{"start":{"line":473,"column":0},"end":{"line":473,"column":27}},"473":{"start":{"line":474,"column":0},"end":{"line":474,"column":28}},"474":{"start":{"line":475,"column":0},"end":{"line":475,"column":20}},"475":{"start":{"line":476,"column":0},"end":{"line":476,"column":28}},"476":{"start":{"line":477,"column":0},"end":{"line":477,"column":30}},"477":{"start":{"line":478,"column":0},"end":{"line":478,"column":33}},"478":{"start":{"line":479,"column":0},"end":{"line":479,"column":35}},"479":{"start":{"line":480,"column":0},"end":{"line":480,"column":30}},"480":{"start":{"line":481,"column":0},"end":{"line":481,"column":4}},"481":{"start":{"line":482,"column":0},"end":{"line":482,"column":3}},"482":{"start":{"line":483,"column":0},"end":{"line":483,"column":20}},"483":{"start":{"line":484,"column":0},"end":{"line":484,"column":17}},"484":{"start":{"line":485,"column":0},"end":{"line":485,"column":19}},"485":{"start":{"line":486,"column":0},"end":{"line":486,"column":43}},"486":{"start":{"line":487,"column":0},"end":{"line":487,"column":21}},"487":{"start":{"line":488,"column":0},"end":{"line":488,"column":25}},"488":{"start":{"line":489,"column":0},"end":{"line":489,"column":25}},"489":{"start":{"line":490,"column":0},"end":{"line":490,"column":26}},"490":{"start":{"line":491,"column":0},"end":{"line":491,"column":26}},"491":{"start":{"line":492,"column":0},"end":{"line":492,"column":44}},"492":{"start":{"line":493,"column":0},"end":{"line":493,"column":44}},"493":{"start":{"line":494,"column":0},"end":{"line":494,"column":6}},"494":{"start":{"line":495,"column":0},"end":{"line":495,"column":20}},"495":{"start":{"line":496,"column":0},"end":{"line":496,"column":25}},"496":{"start":{"line":497,"column":0},"end":{"line":497,"column":30}},"497":{"start":{"line":498,"column":0},"end":{"line":498,"column":30}},"498":{"start":{"line":499,"column":0},"end":{"line":499,"column":50}},"499":{"start":{"line":500,"column":0},"end":{"line":500,"column":30}},"500":{"start":{"line":501,"column":0},"end":{"line":501,"column":39}},"501":{"start":{"line":502,"column":0},"end":{"line":502,"column":24}},"502":{"start":{"line":503,"column":0},"end":{"line":503,"column":4}},"505":{"start":{"line":506,"column":0},"end":{"line":506,"column":3}},"506":{"start":{"line":507,"column":0},"end":{"line":507,"column":21}},"507":{"start":{"line":508,"column":0},"end":{"line":508,"column":20}},"508":{"start":{"line":509,"column":0},"end":{"line":509,"column":27}},"509":{"start":{"line":510,"column":0},"end":{"line":510,"column":17}},"510":{"start":{"line":511,"column":0},"end":{"line":511,"column":25}},"511":{"start":{"line":512,"column":0},"end":{"line":512,"column":25}},"512":{"start":{"line":513,"column":0},"end":{"line":513,"column":27}},"513":{"start":{"line":514,"column":0},"end":{"line":514,"column":26}},"514":{"start":{"line":515,"column":0},"end":{"line":515,"column":44}},"515":{"start":{"line":516,"column":0},"end":{"line":516,"column":6}},"516":{"start":{"line":517,"column":0},"end":{"line":517,"column":20}},"517":{"start":{"line":518,"column":0},"end":{"line":518,"column":25}},"518":{"start":{"line":519,"column":0},"end":{"line":519,"column":30}},"519":{"start":{"line":520,"column":0},"end":{"line":520,"column":31}},"520":{"start":{"line":521,"column":0},"end":{"line":521,"column":43}},"521":{"start":{"line":522,"column":0},"end":{"line":522,"column":30}},"522":{"start":{"line":523,"column":0},"end":{"line":523,"column":63}},"523":{"start":{"line":524,"column":0},"end":{"line":524,"column":38}},"524":{"start":{"line":525,"column":0},"end":{"line":525,"column":4}},"525":{"start":{"line":526,"column":0},"end":{"line":526,"column":3}},"526":{"start":{"line":527,"column":0},"end":{"line":527,"column":19}},"527":{"start":{"line":528,"column":0},"end":{"line":528,"column":21}},"528":{"start":{"line":529,"column":0},"end":{"line":529,"column":19}},"529":{"start":{"line":530,"column":0},"end":{"line":530,"column":26}},"530":{"start":{"line":531,"column":0},"end":{"line":531,"column":17}},"531":{"start":{"line":532,"column":0},"end":{"line":532,"column":24}},"532":{"start":{"line":533,"column":0},"end":{"line":533,"column":25}},"533":{"start":{"line":534,"column":0},"end":{"line":534,"column":26}},"534":{"start":{"line":535,"column":0},"end":{"line":535,"column":26}},"535":{"start":{"line":536,"column":0},"end":{"line":536,"column":44}},"536":{"start":{"line":537,"column":0},"end":{"line":537,"column":6}},"537":{"start":{"line":538,"column":0},"end":{"line":538,"column":20}},"538":{"start":{"line":539,"column":0},"end":{"line":539,"column":25}},"539":{"start":{"line":540,"column":0},"end":{"line":540,"column":30}},"540":{"start":{"line":541,"column":0},"end":{"line":541,"column":33}},"541":{"start":{"line":542,"column":0},"end":{"line":542,"column":32}},"542":{"start":{"line":543,"column":0},"end":{"line":543,"column":30}},"543":{"start":{"line":544,"column":0},"end":{"line":544,"column":38}},"544":{"start":{"line":545,"column":0},"end":{"line":545,"column":4}},"545":{"start":{"line":546,"column":0},"end":{"line":546,"column":3}},"546":{"start":{"line":547,"column":0},"end":{"line":547,"column":19}},"547":{"start":{"line":548,"column":0},"end":{"line":548,"column":21}},"548":{"start":{"line":549,"column":0},"end":{"line":549,"column":19}},"549":{"start":{"line":550,"column":0},"end":{"line":550,"column":26}},"550":{"start":{"line":551,"column":0},"end":{"line":551,"column":17}},"551":{"start":{"line":552,"column":0},"end":{"line":552,"column":24}},"552":{"start":{"line":553,"column":0},"end":{"line":553,"column":25}},"553":{"start":{"line":554,"column":0},"end":{"line":554,"column":25}},"554":{"start":{"line":555,"column":0},"end":{"line":555,"column":28}},"555":{"start":{"line":556,"column":0},"end":{"line":556,"column":20}},"556":{"start":{"line":557,"column":0},"end":{"line":557,"column":28}},"557":{"start":{"line":558,"column":0},"end":{"line":558,"column":30}},"558":{"start":{"line":559,"column":0},"end":{"line":559,"column":31}},"559":{"start":{"line":560,"column":0},"end":{"line":560,"column":28}},"560":{"start":{"line":561,"column":0},"end":{"line":561,"column":30}},"561":{"start":{"line":562,"column":0},"end":{"line":562,"column":38}},"562":{"start":{"line":563,"column":0},"end":{"line":563,"column":4}},"563":{"start":{"line":564,"column":0},"end":{"line":564,"column":3}},"564":{"start":{"line":565,"column":0},"end":{"line":565,"column":20}},"565":{"start":{"line":566,"column":0},"end":{"line":566,"column":20}},"566":{"start":{"line":567,"column":0},"end":{"line":567,"column":24}},"567":{"start":{"line":568,"column":0},"end":{"line":568,"column":17}},"568":{"start":{"line":569,"column":0},"end":{"line":569,"column":24}},"569":{"start":{"line":570,"column":0},"end":{"line":570,"column":25}},"570":{"start":{"line":571,"column":0},"end":{"line":571,"column":27}},"571":{"start":{"line":572,"column":0},"end":{"line":572,"column":26}},"572":{"start":{"line":573,"column":0},"end":{"line":573,"column":44}},"573":{"start":{"line":574,"column":0},"end":{"line":574,"column":6}},"574":{"start":{"line":575,"column":0},"end":{"line":575,"column":20}},"575":{"start":{"line":576,"column":0},"end":{"line":576,"column":25}},"576":{"start":{"line":577,"column":0},"end":{"line":577,"column":30}},"577":{"start":{"line":578,"column":0},"end":{"line":578,"column":31}},"578":{"start":{"line":579,"column":0},"end":{"line":579,"column":33}},"579":{"start":{"line":580,"column":0},"end":{"line":580,"column":30}},"580":{"start":{"line":581,"column":0},"end":{"line":581,"column":30}},"581":{"start":{"line":582,"column":0},"end":{"line":582,"column":4}},"582":{"start":{"line":583,"column":0},"end":{"line":583,"column":3}},"583":{"start":{"line":584,"column":0},"end":{"line":584,"column":17}},"584":{"start":{"line":585,"column":0},"end":{"line":585,"column":20}},"585":{"start":{"line":586,"column":0},"end":{"line":586,"column":24}},"586":{"start":{"line":587,"column":0},"end":{"line":587,"column":17}},"587":{"start":{"line":588,"column":0},"end":{"line":588,"column":24}},"588":{"start":{"line":589,"column":0},"end":{"line":589,"column":25}},"589":{"start":{"line":590,"column":0},"end":{"line":590,"column":27}},"590":{"start":{"line":591,"column":0},"end":{"line":591,"column":26}},"591":{"start":{"line":592,"column":0},"end":{"line":592,"column":45}},"592":{"start":{"line":593,"column":0},"end":{"line":593,"column":6}},"593":{"start":{"line":594,"column":0},"end":{"line":594,"column":20}},"594":{"start":{"line":595,"column":0},"end":{"line":595,"column":26}},"595":{"start":{"line":596,"column":0},"end":{"line":596,"column":31}},"596":{"start":{"line":597,"column":0},"end":{"line":597,"column":31}},"597":{"start":{"line":598,"column":0},"end":{"line":598,"column":36}},"598":{"start":{"line":599,"column":0},"end":{"line":599,"column":30}},"599":{"start":{"line":600,"column":0},"end":{"line":600,"column":31}},"600":{"start":{"line":601,"column":0},"end":{"line":601,"column":38}},"601":{"start":{"line":602,"column":0},"end":{"line":602,"column":4}},"602":{"start":{"line":603,"column":0},"end":{"line":603,"column":3}},"603":{"start":{"line":604,"column":0},"end":{"line":604,"column":18}},"604":{"start":{"line":605,"column":0},"end":{"line":605,"column":20}},"605":{"start":{"line":606,"column":0},"end":{"line":606,"column":24}},"606":{"start":{"line":607,"column":0},"end":{"line":607,"column":17}},"607":{"start":{"line":608,"column":0},"end":{"line":608,"column":24}},"608":{"start":{"line":609,"column":0},"end":{"line":609,"column":25}},"609":{"start":{"line":610,"column":0},"end":{"line":610,"column":27}},"610":{"start":{"line":611,"column":0},"end":{"line":611,"column":28}},"611":{"start":{"line":612,"column":0},"end":{"line":612,"column":20}},"612":{"start":{"line":613,"column":0},"end":{"line":613,"column":28}},"613":{"start":{"line":614,"column":0},"end":{"line":614,"column":30}},"614":{"start":{"line":615,"column":0},"end":{"line":615,"column":33}},"615":{"start":{"line":616,"column":0},"end":{"line":616,"column":38}},"616":{"start":{"line":617,"column":0},"end":{"line":617,"column":30}},"617":{"start":{"line":618,"column":0},"end":{"line":618,"column":31}},"618":{"start":{"line":619,"column":0},"end":{"line":619,"column":4}},"619":{"start":{"line":620,"column":0},"end":{"line":620,"column":3}},"620":{"start":{"line":621,"column":0},"end":{"line":621,"column":21}},"621":{"start":{"line":622,"column":0},"end":{"line":622,"column":20}},"622":{"start":{"line":623,"column":0},"end":{"line":623,"column":24}},"623":{"start":{"line":624,"column":0},"end":{"line":624,"column":17}},"624":{"start":{"line":625,"column":0},"end":{"line":625,"column":24}},"625":{"start":{"line":626,"column":0},"end":{"line":626,"column":25}},"626":{"start":{"line":627,"column":0},"end":{"line":627,"column":27}},"627":{"start":{"line":628,"column":0},"end":{"line":628,"column":26}},"628":{"start":{"line":629,"column":0},"end":{"line":629,"column":44}},"629":{"start":{"line":630,"column":0},"end":{"line":630,"column":6}},"630":{"start":{"line":631,"column":0},"end":{"line":631,"column":20}},"631":{"start":{"line":632,"column":0},"end":{"line":632,"column":25}},"632":{"start":{"line":633,"column":0},"end":{"line":633,"column":30}},"633":{"start":{"line":634,"column":0},"end":{"line":634,"column":31}},"634":{"start":{"line":635,"column":0},"end":{"line":635,"column":39}},"635":{"start":{"line":636,"column":0},"end":{"line":636,"column":30}},"636":{"start":{"line":637,"column":0},"end":{"line":637,"column":31}},"637":{"start":{"line":638,"column":0},"end":{"line":638,"column":4}},"638":{"start":{"line":639,"column":0},"end":{"line":639,"column":3}},"639":{"start":{"line":640,"column":0},"end":{"line":640,"column":18}},"640":{"start":{"line":641,"column":0},"end":{"line":641,"column":20}},"641":{"start":{"line":642,"column":0},"end":{"line":642,"column":31}},"642":{"start":{"line":643,"column":0},"end":{"line":643,"column":17}},"643":{"start":{"line":644,"column":0},"end":{"line":644,"column":25}},"644":{"start":{"line":645,"column":0},"end":{"line":645,"column":26}},"645":{"start":{"line":646,"column":0},"end":{"line":646,"column":27}},"646":{"start":{"line":647,"column":0},"end":{"line":647,"column":28}},"647":{"start":{"line":648,"column":0},"end":{"line":648,"column":20}},"648":{"start":{"line":649,"column":0},"end":{"line":649,"column":28}},"649":{"start":{"line":650,"column":0},"end":{"line":650,"column":30}},"650":{"start":{"line":651,"column":0},"end":{"line":651,"column":33}},"651":{"start":{"line":652,"column":0},"end":{"line":652,"column":32}},"652":{"start":{"line":653,"column":0},"end":{"line":653,"column":30}},"653":{"start":{"line":654,"column":0},"end":{"line":654,"column":30}},"654":{"start":{"line":655,"column":0},"end":{"line":655,"column":4}},"655":{"start":{"line":656,"column":0},"end":{"line":656,"column":3}},"656":{"start":{"line":657,"column":0},"end":{"line":657,"column":19}},"657":{"start":{"line":658,"column":0},"end":{"line":658,"column":20}},"658":{"start":{"line":659,"column":0},"end":{"line":659,"column":27}},"659":{"start":{"line":660,"column":0},"end":{"line":660,"column":17}},"660":{"start":{"line":661,"column":0},"end":{"line":661,"column":24}},"661":{"start":{"line":662,"column":0},"end":{"line":662,"column":25}},"662":{"start":{"line":663,"column":0},"end":{"line":663,"column":27}},"663":{"start":{"line":664,"column":0},"end":{"line":664,"column":26}},"664":{"start":{"line":665,"column":0},"end":{"line":665,"column":44}},"665":{"start":{"line":666,"column":0},"end":{"line":666,"column":6}},"666":{"start":{"line":667,"column":0},"end":{"line":667,"column":20}},"667":{"start":{"line":668,"column":0},"end":{"line":668,"column":25}},"668":{"start":{"line":669,"column":0},"end":{"line":669,"column":30}},"669":{"start":{"line":670,"column":0},"end":{"line":670,"column":33}},"670":{"start":{"line":671,"column":0},"end":{"line":671,"column":39}},"671":{"start":{"line":672,"column":0},"end":{"line":672,"column":30}},"672":{"start":{"line":673,"column":0},"end":{"line":673,"column":31}},"673":{"start":{"line":674,"column":0},"end":{"line":674,"column":4}},"674":{"start":{"line":675,"column":0},"end":{"line":675,"column":3}},"675":{"start":{"line":676,"column":0},"end":{"line":676,"column":18}},"676":{"start":{"line":677,"column":0},"end":{"line":677,"column":20}},"677":{"start":{"line":678,"column":0},"end":{"line":678,"column":19}},"678":{"start":{"line":679,"column":0},"end":{"line":679,"column":34}},"679":{"start":{"line":680,"column":0},"end":{"line":680,"column":17}},"680":{"start":{"line":681,"column":0},"end":{"line":681,"column":24}},"681":{"start":{"line":682,"column":0},"end":{"line":682,"column":25}},"682":{"start":{"line":683,"column":0},"end":{"line":683,"column":26}},"683":{"start":{"line":684,"column":0},"end":{"line":684,"column":28}},"684":{"start":{"line":685,"column":0},"end":{"line":685,"column":20}},"685":{"start":{"line":686,"column":0},"end":{"line":686,"column":28}},"686":{"start":{"line":687,"column":0},"end":{"line":687,"column":30}},"687":{"start":{"line":688,"column":0},"end":{"line":688,"column":30}},"688":{"start":{"line":689,"column":0},"end":{"line":689,"column":35}},"689":{"start":{"line":690,"column":0},"end":{"line":690,"column":30}},"690":{"start":{"line":691,"column":0},"end":{"line":691,"column":38}},"691":{"start":{"line":692,"column":0},"end":{"line":692,"column":4}},"692":{"start":{"line":693,"column":0},"end":{"line":693,"column":3}},"693":{"start":{"line":694,"column":0},"end":{"line":694,"column":26}},"694":{"start":{"line":695,"column":0},"end":{"line":695,"column":20}},"695":{"start":{"line":696,"column":0},"end":{"line":696,"column":30}},"696":{"start":{"line":697,"column":0},"end":{"line":697,"column":17}},"697":{"start":{"line":698,"column":0},"end":{"line":698,"column":24}},"698":{"start":{"line":699,"column":0},"end":{"line":699,"column":25}},"699":{"start":{"line":700,"column":0},"end":{"line":700,"column":27}},"700":{"start":{"line":701,"column":0},"end":{"line":701,"column":26}},"701":{"start":{"line":702,"column":0},"end":{"line":702,"column":45}},"702":{"start":{"line":703,"column":0},"end":{"line":703,"column":6}},"703":{"start":{"line":704,"column":0},"end":{"line":704,"column":20}},"704":{"start":{"line":705,"column":0},"end":{"line":705,"column":26}},"705":{"start":{"line":706,"column":0},"end":{"line":706,"column":30}},"706":{"start":{"line":707,"column":0},"end":{"line":707,"column":30}},"707":{"start":{"line":708,"column":0},"end":{"line":708,"column":36}},"708":{"start":{"line":709,"column":0},"end":{"line":709,"column":30}},"709":{"start":{"line":710,"column":0},"end":{"line":710,"column":31}},"710":{"start":{"line":711,"column":0},"end":{"line":711,"column":4}},"711":{"start":{"line":712,"column":0},"end":{"line":712,"column":3}},"712":{"start":{"line":713,"column":0},"end":{"line":713,"column":23}},"713":{"start":{"line":714,"column":0},"end":{"line":714,"column":19}},"714":{"start":{"line":715,"column":0},"end":{"line":715,"column":19}},"715":{"start":{"line":716,"column":0},"end":{"line":716,"column":21}},"716":{"start":{"line":717,"column":0},"end":{"line":717,"column":17}},"717":{"start":{"line":718,"column":0},"end":{"line":718,"column":24}},"718":{"start":{"line":719,"column":0},"end":{"line":719,"column":25}},"719":{"start":{"line":720,"column":0},"end":{"line":720,"column":26}},"720":{"start":{"line":721,"column":0},"end":{"line":721,"column":26}},"721":{"start":{"line":722,"column":0},"end":{"line":722,"column":45}},"722":{"start":{"line":723,"column":0},"end":{"line":723,"column":6}},"723":{"start":{"line":724,"column":0},"end":{"line":724,"column":20}},"724":{"start":{"line":725,"column":0},"end":{"line":725,"column":26}},"725":{"start":{"line":726,"column":0},"end":{"line":726,"column":30}},"726":{"start":{"line":727,"column":0},"end":{"line":727,"column":31}},"727":{"start":{"line":728,"column":0},"end":{"line":728,"column":35}},"728":{"start":{"line":729,"column":0},"end":{"line":729,"column":30}},"729":{"start":{"line":730,"column":0},"end":{"line":730,"column":24}},"730":{"start":{"line":731,"column":0},"end":{"line":731,"column":39}},"731":{"start":{"line":732,"column":0},"end":{"line":732,"column":4}},"732":{"start":{"line":733,"column":0},"end":{"line":733,"column":3}},"733":{"start":{"line":734,"column":0},"end":{"line":734,"column":17}},"734":{"start":{"line":735,"column":0},"end":{"line":735,"column":20}},"735":{"start":{"line":736,"column":0},"end":{"line":736,"column":21}},"736":{"start":{"line":737,"column":0},"end":{"line":737,"column":17}},"737":{"start":{"line":738,"column":0},"end":{"line":738,"column":25}},"738":{"start":{"line":739,"column":0},"end":{"line":739,"column":25}},"739":{"start":{"line":740,"column":0},"end":{"line":740,"column":27}},"740":{"start":{"line":741,"column":0},"end":{"line":741,"column":28}},"741":{"start":{"line":742,"column":0},"end":{"line":742,"column":20}},"742":{"start":{"line":743,"column":0},"end":{"line":743,"column":28}},"743":{"start":{"line":744,"column":0},"end":{"line":744,"column":30}},"744":{"start":{"line":745,"column":0},"end":{"line":745,"column":33}},"745":{"start":{"line":746,"column":0},"end":{"line":746,"column":35}},"746":{"start":{"line":747,"column":0},"end":{"line":747,"column":30}},"747":{"start":{"line":748,"column":0},"end":{"line":748,"column":38}},"748":{"start":{"line":749,"column":0},"end":{"line":749,"column":4}},"749":{"start":{"line":750,"column":0},"end":{"line":750,"column":3}},"750":{"start":{"line":751,"column":0},"end":{"line":751,"column":20}},"751":{"start":{"line":752,"column":0},"end":{"line":752,"column":20}},"752":{"start":{"line":753,"column":0},"end":{"line":753,"column":23}},"753":{"start":{"line":754,"column":0},"end":{"line":754,"column":17}},"754":{"start":{"line":755,"column":0},"end":{"line":755,"column":25}},"755":{"start":{"line":756,"column":0},"end":{"line":756,"column":26}},"756":{"start":{"line":757,"column":0},"end":{"line":757,"column":27}},"757":{"start":{"line":758,"column":0},"end":{"line":758,"column":26}},"758":{"start":{"line":759,"column":0},"end":{"line":759,"column":45}},"759":{"start":{"line":760,"column":0},"end":{"line":760,"column":45}},"760":{"start":{"line":761,"column":0},"end":{"line":761,"column":6}},"761":{"start":{"line":762,"column":0},"end":{"line":762,"column":20}},"762":{"start":{"line":763,"column":0},"end":{"line":763,"column":26}},"763":{"start":{"line":764,"column":0},"end":{"line":764,"column":30}},"764":{"start":{"line":765,"column":0},"end":{"line":765,"column":30}},"765":{"start":{"line":766,"column":0},"end":{"line":766,"column":62}},"766":{"start":{"line":767,"column":0},"end":{"line":767,"column":30}},"767":{"start":{"line":768,"column":0},"end":{"line":768,"column":31}},"768":{"start":{"line":769,"column":0},"end":{"line":769,"column":39}},"769":{"start":{"line":770,"column":0},"end":{"line":770,"column":24}},"770":{"start":{"line":771,"column":0},"end":{"line":771,"column":34}},"771":{"start":{"line":772,"column":0},"end":{"line":772,"column":4}},"772":{"start":{"line":773,"column":0},"end":{"line":773,"column":3}},"773":{"start":{"line":774,"column":0},"end":{"line":774,"column":21}},"774":{"start":{"line":775,"column":0},"end":{"line":775,"column":20}},"775":{"start":{"line":776,"column":0},"end":{"line":776,"column":25}},"776":{"start":{"line":777,"column":0},"end":{"line":777,"column":17}},"777":{"start":{"line":778,"column":0},"end":{"line":778,"column":24}},"778":{"start":{"line":779,"column":0},"end":{"line":779,"column":25}},"779":{"start":{"line":780,"column":0},"end":{"line":780,"column":27}},"780":{"start":{"line":781,"column":0},"end":{"line":781,"column":26}},"781":{"start":{"line":782,"column":0},"end":{"line":782,"column":44}},"782":{"start":{"line":783,"column":0},"end":{"line":783,"column":44}},"783":{"start":{"line":784,"column":0},"end":{"line":784,"column":6}},"784":{"start":{"line":785,"column":0},"end":{"line":785,"column":20}},"785":{"start":{"line":786,"column":0},"end":{"line":786,"column":25}},"786":{"start":{"line":787,"column":0},"end":{"line":787,"column":30}},"787":{"start":{"line":788,"column":0},"end":{"line":788,"column":33}},"788":{"start":{"line":789,"column":0},"end":{"line":789,"column":33}},"789":{"start":{"line":790,"column":0},"end":{"line":790,"column":30}},"790":{"start":{"line":791,"column":0},"end":{"line":791,"column":31}},"791":{"start":{"line":792,"column":0},"end":{"line":792,"column":4}},"792":{"start":{"line":793,"column":0},"end":{"line":793,"column":3}},"793":{"start":{"line":794,"column":0},"end":{"line":794,"column":25}},"794":{"start":{"line":795,"column":0},"end":{"line":795,"column":22}},"795":{"start":{"line":796,"column":0},"end":{"line":796,"column":19}},"796":{"start":{"line":797,"column":0},"end":{"line":797,"column":35}},"797":{"start":{"line":798,"column":0},"end":{"line":798,"column":17}},"798":{"start":{"line":799,"column":0},"end":{"line":799,"column":24}},"799":{"start":{"line":800,"column":0},"end":{"line":800,"column":26}},"800":{"start":{"line":801,"column":0},"end":{"line":801,"column":26}},"801":{"start":{"line":802,"column":0},"end":{"line":802,"column":26}},"802":{"start":{"line":803,"column":0},"end":{"line":803,"column":45}},"803":{"start":{"line":804,"column":0},"end":{"line":804,"column":6}},"804":{"start":{"line":805,"column":0},"end":{"line":805,"column":20}},"805":{"start":{"line":806,"column":0},"end":{"line":806,"column":26}},"806":{"start":{"line":807,"column":0},"end":{"line":807,"column":30}},"807":{"start":{"line":808,"column":0},"end":{"line":808,"column":30}},"808":{"start":{"line":809,"column":0},"end":{"line":809,"column":32}},"809":{"start":{"line":810,"column":0},"end":{"line":810,"column":30}},"810":{"start":{"line":811,"column":0},"end":{"line":811,"column":39}},"811":{"start":{"line":812,"column":0},"end":{"line":812,"column":24}},"812":{"start":{"line":813,"column":0},"end":{"line":813,"column":4}},"815":{"start":{"line":816,"column":0},"end":{"line":816,"column":3}},"816":{"start":{"line":817,"column":0},"end":{"line":817,"column":22}},"817":{"start":{"line":818,"column":0},"end":{"line":818,"column":23}},"818":{"start":{"line":819,"column":0},"end":{"line":819,"column":19}},"819":{"start":{"line":820,"column":0},"end":{"line":820,"column":24}},"820":{"start":{"line":821,"column":0},"end":{"line":821,"column":17}},"821":{"start":{"line":822,"column":0},"end":{"line":822,"column":26}},"822":{"start":{"line":823,"column":0},"end":{"line":823,"column":25}},"823":{"start":{"line":824,"column":0},"end":{"line":824,"column":26}},"824":{"start":{"line":825,"column":0},"end":{"line":825,"column":28}},"825":{"start":{"line":826,"column":0},"end":{"line":826,"column":20}},"826":{"start":{"line":827,"column":0},"end":{"line":827,"column":28}},"827":{"start":{"line":828,"column":0},"end":{"line":828,"column":30}},"828":{"start":{"line":829,"column":0},"end":{"line":829,"column":33}},"829":{"start":{"line":830,"column":0},"end":{"line":830,"column":36}},"830":{"start":{"line":831,"column":0},"end":{"line":831,"column":30}},"831":{"start":{"line":832,"column":0},"end":{"line":832,"column":38}},"832":{"start":{"line":833,"column":0},"end":{"line":833,"column":4}},"833":{"start":{"line":834,"column":0},"end":{"line":834,"column":3}},"834":{"start":{"line":835,"column":0},"end":{"line":835,"column":26}},"835":{"start":{"line":836,"column":0},"end":{"line":836,"column":25}},"836":{"start":{"line":837,"column":0},"end":{"line":837,"column":19}},"837":{"start":{"line":838,"column":0},"end":{"line":838,"column":31}},"838":{"start":{"line":839,"column":0},"end":{"line":839,"column":17}},"839":{"start":{"line":840,"column":0},"end":{"line":840,"column":25}},"840":{"start":{"line":841,"column":0},"end":{"line":841,"column":25}},"841":{"start":{"line":842,"column":0},"end":{"line":842,"column":24}},"842":{"start":{"line":843,"column":0},"end":{"line":843,"column":28}},"843":{"start":{"line":844,"column":0},"end":{"line":844,"column":20}},"844":{"start":{"line":845,"column":0},"end":{"line":845,"column":28}},"845":{"start":{"line":846,"column":0},"end":{"line":846,"column":30}},"846":{"start":{"line":847,"column":0},"end":{"line":847,"column":31}},"847":{"start":{"line":848,"column":0},"end":{"line":848,"column":33}},"848":{"start":{"line":849,"column":0},"end":{"line":849,"column":30}},"849":{"start":{"line":850,"column":0},"end":{"line":850,"column":38}},"850":{"start":{"line":851,"column":0},"end":{"line":851,"column":4}},"851":{"start":{"line":852,"column":0},"end":{"line":852,"column":3}},"852":{"start":{"line":853,"column":0},"end":{"line":853,"column":18}},"853":{"start":{"line":854,"column":0},"end":{"line":854,"column":20}},"854":{"start":{"line":855,"column":0},"end":{"line":855,"column":19}},"855":{"start":{"line":856,"column":0},"end":{"line":856,"column":24}},"856":{"start":{"line":857,"column":0},"end":{"line":857,"column":17}},"857":{"start":{"line":858,"column":0},"end":{"line":858,"column":25}},"858":{"start":{"line":859,"column":0},"end":{"line":859,"column":26}},"859":{"start":{"line":860,"column":0},"end":{"line":860,"column":26}},"860":{"start":{"line":861,"column":0},"end":{"line":861,"column":26}},"861":{"start":{"line":862,"column":0},"end":{"line":862,"column":45}},"862":{"start":{"line":863,"column":0},"end":{"line":863,"column":44}},"863":{"start":{"line":864,"column":0},"end":{"line":864,"column":6}},"864":{"start":{"line":865,"column":0},"end":{"line":865,"column":20}},"865":{"start":{"line":866,"column":0},"end":{"line":866,"column":26}},"866":{"start":{"line":867,"column":0},"end":{"line":867,"column":30}},"867":{"start":{"line":868,"column":0},"end":{"line":868,"column":30}},"868":{"start":{"line":869,"column":0},"end":{"line":869,"column":51}},"869":{"start":{"line":870,"column":0},"end":{"line":870,"column":30}},"870":{"start":{"line":871,"column":0},"end":{"line":871,"column":39}},"871":{"start":{"line":872,"column":0},"end":{"line":872,"column":24}},"872":{"start":{"line":873,"column":0},"end":{"line":873,"column":23}},"873":{"start":{"line":874,"column":0},"end":{"line":874,"column":4}},"876":{"start":{"line":877,"column":0},"end":{"line":877,"column":3}},"877":{"start":{"line":878,"column":0},"end":{"line":878,"column":23}},"878":{"start":{"line":879,"column":0},"end":{"line":879,"column":19}},"879":{"start":{"line":880,"column":0},"end":{"line":880,"column":19}},"880":{"start":{"line":881,"column":0},"end":{"line":881,"column":20}},"881":{"start":{"line":882,"column":0},"end":{"line":882,"column":21}},"882":{"start":{"line":883,"column":0},"end":{"line":883,"column":26}},"883":{"start":{"line":884,"column":0},"end":{"line":884,"column":25}},"884":{"start":{"line":885,"column":0},"end":{"line":885,"column":26}},"885":{"start":{"line":886,"column":0},"end":{"line":886,"column":26}},"886":{"start":{"line":887,"column":0},"end":{"line":887,"column":44}},"887":{"start":{"line":888,"column":0},"end":{"line":888,"column":44}},"888":{"start":{"line":889,"column":0},"end":{"line":889,"column":6}},"889":{"start":{"line":890,"column":0},"end":{"line":890,"column":20}},"890":{"start":{"line":891,"column":0},"end":{"line":891,"column":25}},"891":{"start":{"line":892,"column":0},"end":{"line":892,"column":30}},"892":{"start":{"line":893,"column":0},"end":{"line":893,"column":33}},"893":{"start":{"line":894,"column":0},"end":{"line":894,"column":35}},"894":{"start":{"line":895,"column":0},"end":{"line":895,"column":30}},"895":{"start":{"line":896,"column":0},"end":{"line":896,"column":39}},"896":{"start":{"line":897,"column":0},"end":{"line":897,"column":4}},"897":{"start":{"line":898,"column":0},"end":{"line":898,"column":3}},"898":{"start":{"line":899,"column":0},"end":{"line":899,"column":28}},"899":{"start":{"line":900,"column":0},"end":{"line":900,"column":18}},"900":{"start":{"line":901,"column":0},"end":{"line":901,"column":19}},"901":{"start":{"line":902,"column":0},"end":{"line":902,"column":20}},"902":{"start":{"line":903,"column":0},"end":{"line":903,"column":21}},"903":{"start":{"line":904,"column":0},"end":{"line":904,"column":26}},"904":{"start":{"line":905,"column":0},"end":{"line":905,"column":24}},"905":{"start":{"line":906,"column":0},"end":{"line":906,"column":26}},"906":{"start":{"line":907,"column":0},"end":{"line":907,"column":26}},"907":{"start":{"line":908,"column":0},"end":{"line":908,"column":44}},"908":{"start":{"line":909,"column":0},"end":{"line":909,"column":6}},"909":{"start":{"line":910,"column":0},"end":{"line":910,"column":20}},"910":{"start":{"line":911,"column":0},"end":{"line":911,"column":25}},"911":{"start":{"line":912,"column":0},"end":{"line":912,"column":30}},"912":{"start":{"line":913,"column":0},"end":{"line":913,"column":33}},"913":{"start":{"line":914,"column":0},"end":{"line":914,"column":43}},"914":{"start":{"line":915,"column":0},"end":{"line":915,"column":30}},"915":{"start":{"line":916,"column":0},"end":{"line":916,"column":39}},"916":{"start":{"line":917,"column":0},"end":{"line":917,"column":4}},"917":{"start":{"line":918,"column":0},"end":{"line":918,"column":3}},"918":{"start":{"line":919,"column":0},"end":{"line":919,"column":36}},"919":{"start":{"line":920,"column":0},"end":{"line":920,"column":20}},"920":{"start":{"line":921,"column":0},"end":{"line":921,"column":28}},"921":{"start":{"line":922,"column":0},"end":{"line":922,"column":17}},"922":{"start":{"line":923,"column":0},"end":{"line":923,"column":25}},"923":{"start":{"line":924,"column":0},"end":{"line":924,"column":24}},"924":{"start":{"line":925,"column":0},"end":{"line":925,"column":27}},"925":{"start":{"line":926,"column":0},"end":{"line":926,"column":28}},"926":{"start":{"line":927,"column":0},"end":{"line":927,"column":20}},"927":{"start":{"line":928,"column":0},"end":{"line":928,"column":28}},"928":{"start":{"line":929,"column":0},"end":{"line":929,"column":30}},"929":{"start":{"line":930,"column":0},"end":{"line":930,"column":33}},"930":{"start":{"line":931,"column":0},"end":{"line":931,"column":48}},"931":{"start":{"line":932,"column":0},"end":{"line":932,"column":30}},"932":{"start":{"line":933,"column":0},"end":{"line":933,"column":4}},"935":{"start":{"line":936,"column":0},"end":{"line":936,"column":3}},"936":{"start":{"line":937,"column":0},"end":{"line":937,"column":22}},"937":{"start":{"line":938,"column":0},"end":{"line":938,"column":19}},"938":{"start":{"line":939,"column":0},"end":{"line":939,"column":19}},"939":{"start":{"line":940,"column":0},"end":{"line":940,"column":21}},"940":{"start":{"line":941,"column":0},"end":{"line":941,"column":19}},"941":{"start":{"line":942,"column":0},"end":{"line":942,"column":25}},"942":{"start":{"line":943,"column":0},"end":{"line":943,"column":25}},"943":{"start":{"line":944,"column":0},"end":{"line":944,"column":25}},"944":{"start":{"line":945,"column":0},"end":{"line":945,"column":26}},"945":{"start":{"line":946,"column":0},"end":{"line":946,"column":44}},"946":{"start":{"line":947,"column":0},"end":{"line":947,"column":6}},"947":{"start":{"line":948,"column":0},"end":{"line":948,"column":20}},"948":{"start":{"line":949,"column":0},"end":{"line":949,"column":25}},"949":{"start":{"line":950,"column":0},"end":{"line":950,"column":31}},"950":{"start":{"line":951,"column":0},"end":{"line":951,"column":31}},"951":{"start":{"line":952,"column":0},"end":{"line":952,"column":35}},"952":{"start":{"line":953,"column":0},"end":{"line":953,"column":30}},"953":{"start":{"line":954,"column":0},"end":{"line":954,"column":4}},"954":{"start":{"line":955,"column":0},"end":{"line":955,"column":3}},"955":{"start":{"line":956,"column":0},"end":{"line":956,"column":17}},"956":{"start":{"line":957,"column":0},"end":{"line":957,"column":19}},"957":{"start":{"line":958,"column":0},"end":{"line":958,"column":19}},"958":{"start":{"line":959,"column":0},"end":{"line":959,"column":26}},"959":{"start":{"line":960,"column":0},"end":{"line":960,"column":19}},"960":{"start":{"line":961,"column":0},"end":{"line":961,"column":24}},"961":{"start":{"line":962,"column":0},"end":{"line":962,"column":25}},"962":{"start":{"line":963,"column":0},"end":{"line":963,"column":24}},"963":{"start":{"line":964,"column":0},"end":{"line":964,"column":26}},"964":{"start":{"line":965,"column":0},"end":{"line":965,"column":45}},"965":{"start":{"line":966,"column":0},"end":{"line":966,"column":6}},"966":{"start":{"line":967,"column":0},"end":{"line":967,"column":20}},"967":{"start":{"line":968,"column":0},"end":{"line":968,"column":26}},"968":{"start":{"line":969,"column":0},"end":{"line":969,"column":31}},"969":{"start":{"line":970,"column":0},"end":{"line":970,"column":31}},"970":{"start":{"line":971,"column":0},"end":{"line":971,"column":35}},"971":{"start":{"line":972,"column":0},"end":{"line":972,"column":30}},"972":{"start":{"line":973,"column":0},"end":{"line":973,"column":4}},"973":{"start":{"line":974,"column":0},"end":{"line":974,"column":3}},"974":{"start":{"line":975,"column":0},"end":{"line":975,"column":31}},"975":{"start":{"line":976,"column":0},"end":{"line":976,"column":20}},"976":{"start":{"line":977,"column":0},"end":{"line":977,"column":40}},"977":{"start":{"line":978,"column":0},"end":{"line":978,"column":17}},"978":{"start":{"line":979,"column":0},"end":{"line":979,"column":24}},"979":{"start":{"line":980,"column":0},"end":{"line":980,"column":25}},"980":{"start":{"line":981,"column":0},"end":{"line":981,"column":27}},"981":{"start":{"line":982,"column":0},"end":{"line":982,"column":28}},"982":{"start":{"line":983,"column":0},"end":{"line":983,"column":20}},"983":{"start":{"line":984,"column":0},"end":{"line":984,"column":28}},"984":{"start":{"line":985,"column":0},"end":{"line":985,"column":30}},"985":{"start":{"line":986,"column":0},"end":{"line":986,"column":31}},"986":{"start":{"line":987,"column":0},"end":{"line":987,"column":35}},"987":{"start":{"line":988,"column":0},"end":{"line":988,"column":30}},"988":{"start":{"line":989,"column":0},"end":{"line":989,"column":31}},"989":{"start":{"line":990,"column":0},"end":{"line":990,"column":38}},"990":{"start":{"line":991,"column":0},"end":{"line":991,"column":4}},"991":{"start":{"line":992,"column":0},"end":{"line":992,"column":3}},"992":{"start":{"line":993,"column":0},"end":{"line":993,"column":19}},"993":{"start":{"line":994,"column":0},"end":{"line":994,"column":20}},"994":{"start":{"line":995,"column":0},"end":{"line":995,"column":40}},"995":{"start":{"line":996,"column":0},"end":{"line":996,"column":17}},"996":{"start":{"line":997,"column":0},"end":{"line":997,"column":24}},"997":{"start":{"line":998,"column":0},"end":{"line":998,"column":25}},"998":{"start":{"line":999,"column":0},"end":{"line":999,"column":27}},"999":{"start":{"line":1000,"column":0},"end":{"line":1000,"column":28}},"1000":{"start":{"line":1001,"column":0},"end":{"line":1001,"column":20}},"1001":{"start":{"line":1002,"column":0},"end":{"line":1002,"column":28}},"1002":{"start":{"line":1003,"column":0},"end":{"line":1003,"column":30}},"1003":{"start":{"line":1004,"column":0},"end":{"line":1004,"column":31}},"1004":{"start":{"line":1005,"column":0},"end":{"line":1005,"column":35}},"1005":{"start":{"line":1006,"column":0},"end":{"line":1006,"column":30}},"1006":{"start":{"line":1007,"column":0},"end":{"line":1007,"column":31}},"1007":{"start":{"line":1008,"column":0},"end":{"line":1008,"column":38}},"1008":{"start":{"line":1009,"column":0},"end":{"line":1009,"column":4}},"1009":{"start":{"line":1010,"column":0},"end":{"line":1010,"column":3}},"1010":{"start":{"line":1011,"column":0},"end":{"line":1011,"column":21}},"1011":{"start":{"line":1012,"column":0},"end":{"line":1012,"column":19}},"1012":{"start":{"line":1013,"column":0},"end":{"line":1013,"column":19}},"1013":{"start":{"line":1014,"column":0},"end":{"line":1014,"column":23}},"1014":{"start":{"line":1015,"column":0},"end":{"line":1015,"column":17}},"1015":{"start":{"line":1016,"column":0},"end":{"line":1016,"column":24}},"1016":{"start":{"line":1017,"column":0},"end":{"line":1017,"column":26}},"1017":{"start":{"line":1018,"column":0},"end":{"line":1018,"column":26}},"1018":{"start":{"line":1019,"column":0},"end":{"line":1019,"column":26}},"1019":{"start":{"line":1020,"column":0},"end":{"line":1020,"column":45}},"1020":{"start":{"line":1021,"column":0},"end":{"line":1021,"column":6}},"1021":{"start":{"line":1022,"column":0},"end":{"line":1022,"column":20}},"1022":{"start":{"line":1023,"column":0},"end":{"line":1023,"column":26}},"1023":{"start":{"line":1024,"column":0},"end":{"line":1024,"column":31}},"1024":{"start":{"line":1025,"column":0},"end":{"line":1025,"column":31}},"1025":{"start":{"line":1026,"column":0},"end":{"line":1026,"column":35}},"1026":{"start":{"line":1027,"column":0},"end":{"line":1027,"column":30}},"1027":{"start":{"line":1028,"column":0},"end":{"line":1028,"column":38}},"1028":{"start":{"line":1029,"column":0},"end":{"line":1029,"column":4}},"1029":{"start":{"line":1030,"column":0},"end":{"line":1030,"column":3}},"1030":{"start":{"line":1031,"column":0},"end":{"line":1031,"column":22}},"1031":{"start":{"line":1032,"column":0},"end":{"line":1032,"column":19}},"1032":{"start":{"line":1033,"column":0},"end":{"line":1033,"column":19}},"1033":{"start":{"line":1034,"column":0},"end":{"line":1034,"column":24}},"1034":{"start":{"line":1035,"column":0},"end":{"line":1035,"column":17}},"1035":{"start":{"line":1036,"column":0},"end":{"line":1036,"column":24}},"1036":{"start":{"line":1037,"column":0},"end":{"line":1037,"column":25}},"1037":{"start":{"line":1038,"column":0},"end":{"line":1038,"column":26}},"1038":{"start":{"line":1039,"column":0},"end":{"line":1039,"column":28}},"1039":{"start":{"line":1040,"column":0},"end":{"line":1040,"column":20}},"1040":{"start":{"line":1041,"column":0},"end":{"line":1041,"column":28}},"1041":{"start":{"line":1042,"column":0},"end":{"line":1042,"column":31}},"1042":{"start":{"line":1043,"column":0},"end":{"line":1043,"column":31}},"1043":{"start":{"line":1044,"column":0},"end":{"line":1044,"column":35}},"1044":{"start":{"line":1045,"column":0},"end":{"line":1045,"column":30}},"1045":{"start":{"line":1046,"column":0},"end":{"line":1046,"column":4}},"1046":{"start":{"line":1047,"column":0},"end":{"line":1047,"column":3}},"1047":{"start":{"line":1048,"column":0},"end":{"line":1048,"column":20}},"1048":{"start":{"line":1049,"column":0},"end":{"line":1049,"column":19}},"1049":{"start":{"line":1050,"column":0},"end":{"line":1050,"column":19}},"1050":{"start":{"line":1051,"column":0},"end":{"line":1051,"column":32}},"1051":{"start":{"line":1052,"column":0},"end":{"line":1052,"column":21}},"1052":{"start":{"line":1053,"column":0},"end":{"line":1053,"column":24}},"1053":{"start":{"line":1054,"column":0},"end":{"line":1054,"column":25}},"1054":{"start":{"line":1055,"column":0},"end":{"line":1055,"column":25}},"1055":{"start":{"line":1056,"column":0},"end":{"line":1056,"column":26}},"1056":{"start":{"line":1057,"column":0},"end":{"line":1057,"column":45}},"1057":{"start":{"line":1058,"column":0},"end":{"line":1058,"column":6}},"1058":{"start":{"line":1059,"column":0},"end":{"line":1059,"column":20}},"1059":{"start":{"line":1060,"column":0},"end":{"line":1060,"column":26}},"1060":{"start":{"line":1061,"column":0},"end":{"line":1061,"column":31}},"1061":{"start":{"line":1062,"column":0},"end":{"line":1062,"column":36}},"1062":{"start":{"line":1063,"column":0},"end":{"line":1063,"column":35}},"1063":{"start":{"line":1064,"column":0},"end":{"line":1064,"column":30}},"1064":{"start":{"line":1065,"column":0},"end":{"line":1065,"column":38}},"1065":{"start":{"line":1066,"column":0},"end":{"line":1066,"column":4}},"1066":{"start":{"line":1067,"column":0},"end":{"line":1067,"column":3}},"1067":{"start":{"line":1068,"column":0},"end":{"line":1068,"column":18}},"1068":{"start":{"line":1069,"column":0},"end":{"line":1069,"column":20}},"1069":{"start":{"line":1070,"column":0},"end":{"line":1070,"column":28}},"1070":{"start":{"line":1071,"column":0},"end":{"line":1071,"column":19}},"1071":{"start":{"line":1072,"column":0},"end":{"line":1072,"column":24}},"1072":{"start":{"line":1073,"column":0},"end":{"line":1073,"column":25}},"1073":{"start":{"line":1074,"column":0},"end":{"line":1074,"column":27}},"1074":{"start":{"line":1075,"column":0},"end":{"line":1075,"column":28}},"1075":{"start":{"line":1076,"column":0},"end":{"line":1076,"column":20}},"1076":{"start":{"line":1077,"column":0},"end":{"line":1077,"column":28}},"1077":{"start":{"line":1078,"column":0},"end":{"line":1078,"column":31}},"1078":{"start":{"line":1079,"column":0},"end":{"line":1079,"column":36}},"1079":{"start":{"line":1080,"column":0},"end":{"line":1080,"column":31}},"1080":{"start":{"line":1081,"column":0},"end":{"line":1081,"column":30}},"1081":{"start":{"line":1082,"column":0},"end":{"line":1082,"column":31}},"1082":{"start":{"line":1083,"column":0},"end":{"line":1083,"column":38}},"1083":{"start":{"line":1084,"column":0},"end":{"line":1084,"column":4}},"1084":{"start":{"line":1085,"column":0},"end":{"line":1085,"column":3}},"1085":{"start":{"line":1086,"column":0},"end":{"line":1086,"column":22}},"1086":{"start":{"line":1087,"column":0},"end":{"line":1087,"column":20}},"1087":{"start":{"line":1088,"column":0},"end":{"line":1088,"column":28}},"1088":{"start":{"line":1089,"column":0},"end":{"line":1089,"column":17}},"1089":{"start":{"line":1090,"column":0},"end":{"line":1090,"column":24}},"1090":{"start":{"line":1091,"column":0},"end":{"line":1091,"column":26}},"1091":{"start":{"line":1092,"column":0},"end":{"line":1092,"column":27}},"1092":{"start":{"line":1093,"column":0},"end":{"line":1093,"column":28}},"1093":{"start":{"line":1094,"column":0},"end":{"line":1094,"column":20}},"1094":{"start":{"line":1095,"column":0},"end":{"line":1095,"column":28}},"1095":{"start":{"line":1096,"column":0},"end":{"line":1096,"column":31}},"1096":{"start":{"line":1097,"column":0},"end":{"line":1097,"column":36}},"1097":{"start":{"line":1098,"column":0},"end":{"line":1098,"column":38}},"1098":{"start":{"line":1099,"column":0},"end":{"line":1099,"column":30}},"1099":{"start":{"line":1100,"column":0},"end":{"line":1100,"column":30}},"1100":{"start":{"line":1101,"column":0},"end":{"line":1101,"column":38}},"1101":{"start":{"line":1102,"column":0},"end":{"line":1102,"column":4}},"1102":{"start":{"line":1103,"column":0},"end":{"line":1103,"column":3}},"1103":{"start":{"line":1104,"column":0},"end":{"line":1104,"column":19}},"1104":{"start":{"line":1105,"column":0},"end":{"line":1105,"column":20}},"1105":{"start":{"line":1106,"column":0},"end":{"line":1106,"column":28}},"1106":{"start":{"line":1107,"column":0},"end":{"line":1107,"column":17}},"1107":{"start":{"line":1108,"column":0},"end":{"line":1108,"column":24}},"1108":{"start":{"line":1109,"column":0},"end":{"line":1109,"column":26}},"1109":{"start":{"line":1110,"column":0},"end":{"line":1110,"column":27}},"1110":{"start":{"line":1111,"column":0},"end":{"line":1111,"column":28}},"1111":{"start":{"line":1112,"column":0},"end":{"line":1112,"column":20}},"1112":{"start":{"line":1113,"column":0},"end":{"line":1113,"column":28}},"1113":{"start":{"line":1114,"column":0},"end":{"line":1114,"column":32}},"1114":{"start":{"line":1115,"column":0},"end":{"line":1115,"column":36}},"1115":{"start":{"line":1116,"column":0},"end":{"line":1116,"column":31}},"1116":{"start":{"line":1117,"column":0},"end":{"line":1117,"column":30}},"1117":{"start":{"line":1118,"column":0},"end":{"line":1118,"column":30}},"1118":{"start":{"line":1119,"column":0},"end":{"line":1119,"column":38}},"1119":{"start":{"line":1120,"column":0},"end":{"line":1120,"column":4}},"1120":{"start":{"line":1121,"column":0},"end":{"line":1121,"column":3}},"1121":{"start":{"line":1122,"column":0},"end":{"line":1122,"column":23}},"1122":{"start":{"line":1123,"column":0},"end":{"line":1123,"column":20}},"1123":{"start":{"line":1124,"column":0},"end":{"line":1124,"column":35}},"1124":{"start":{"line":1125,"column":0},"end":{"line":1125,"column":17}},"1125":{"start":{"line":1126,"column":0},"end":{"line":1126,"column":24}},"1126":{"start":{"line":1127,"column":0},"end":{"line":1127,"column":25}},"1127":{"start":{"line":1128,"column":0},"end":{"line":1128,"column":27}},"1128":{"start":{"line":1129,"column":0},"end":{"line":1129,"column":28}},"1129":{"start":{"line":1130,"column":0},"end":{"line":1130,"column":20}},"1130":{"start":{"line":1131,"column":0},"end":{"line":1131,"column":28}},"1131":{"start":{"line":1132,"column":0},"end":{"line":1132,"column":31}},"1132":{"start":{"line":1133,"column":0},"end":{"line":1133,"column":36}},"1133":{"start":{"line":1134,"column":0},"end":{"line":1134,"column":37}},"1134":{"start":{"line":1135,"column":0},"end":{"line":1135,"column":30}},"1135":{"start":{"line":1136,"column":0},"end":{"line":1136,"column":30}},"1136":{"start":{"line":1137,"column":0},"end":{"line":1137,"column":38}},"1137":{"start":{"line":1138,"column":0},"end":{"line":1138,"column":4}},"1138":{"start":{"line":1139,"column":0},"end":{"line":1139,"column":2}},"1142":{"start":{"line":1143,"column":0},"end":{"line":1143,"column":64}},"1143":{"start":{"line":1144,"column":0},"end":{"line":1144,"column":44}},"1144":{"start":{"line":1145,"column":0},"end":{"line":1145,"column":39}},"1145":{"start":{"line":1146,"column":0},"end":{"line":1146,"column":24}},"1146":{"start":{"line":1147,"column":0},"end":{"line":1147,"column":16}},"1147":{"start":{"line":1148,"column":0},"end":{"line":1148,"column":41}},"1148":{"start":{"line":1149,"column":0},"end":{"line":1149,"column":48}},"1149":{"start":{"line":1150,"column":0},"end":{"line":1150,"column":5}},"1150":{"start":{"line":1151,"column":0},"end":{"line":1151,"column":17}},"1151":{"start":{"line":1152,"column":0},"end":{"line":1152,"column":2}},"1153":{"start":{"line":1154,"column":0},"end":{"line":1154,"column":71}},"1154":{"start":{"line":1155,"column":0},"end":{"line":1155,"column":25}},"1155":{"start":{"line":1156,"column":0},"end":{"line":1156,"column":38}},"1156":{"start":{"line":1157,"column":0},"end":{"line":1157,"column":34}},"1157":{"start":{"line":1158,"column":0},"end":{"line":1158,"column":33}},"1158":{"start":{"line":1159,"column":0},"end":{"line":1159,"column":46}},"1159":{"start":{"line":1160,"column":0},"end":{"line":1160,"column":12}},"1160":{"start":{"line":1161,"column":0},"end":{"line":1161,"column":2}},"1163":{"start":{"line":1164,"column":0},"end":{"line":1164,"column":76}},"1164":{"start":{"line":1165,"column":0},"end":{"line":1165,"column":47}},"1165":{"start":{"line":1166,"column":0},"end":{"line":1166,"column":14}},"1166":{"start":{"line":1167,"column":0},"end":{"line":1167,"column":14}},"1167":{"start":{"line":1168,"column":0},"end":{"line":1168,"column":62}},"1168":{"start":{"line":1169,"column":0},"end":{"line":1169,"column":17}},"1169":{"start":{"line":1170,"column":0},"end":{"line":1170,"column":18}},"1170":{"start":{"line":1171,"column":0},"end":{"line":1171,"column":4}},"1171":{"start":{"line":1172,"column":0},"end":{"line":1172,"column":36}},"1172":{"start":{"line":1173,"column":0},"end":{"line":1173,"column":2}},"1185":{"start":{"line":1186,"column":0},"end":{"line":1186,"column":91}},"1186":{"start":{"line":1187,"column":0},"end":{"line":1187,"column":28}},"1187":{"start":{"line":1188,"column":0},"end":{"line":1188,"column":40}},"1189":{"start":{"line":1190,"column":0},"end":{"line":1190,"column":79}},"1190":{"start":{"line
[...]
17":33,"318":33,"320":33,"321":33,"322":33,"323":33,"324":33,"325":33,"326":33,"327":34,"328":34,"329":34,"330":0,"331":0,"332":34,"334":1,"335":1,"336":1,"337":1,"338":1,"340":1,"341":1,"342":1,"343":1},"branchMap":{"0":{"type":"branch","line":75,"loc":{"start":{"line":75,"column":0},"end":{"line":183,"column":1}},"locations":[{"start":{"line":75,"column":0},"end":{"line":183,"column":1}}]},"1":{"type":"branch","line":85,"loc":{"start":{"line":85,"column":22},"end":{"line":85,"column":40}},"locations":[{"start":{"line":85,"column":22},"end":{"line":85,"column":40}}]},"2":{"type":"branch","line":85,"loc":{"start":{"line":85,"column":26},"end":{"line":85,"column":52}},"locations":[{"start":{"line":85,"column":26},"end":{"line":85,"column":52}}]},"3":{"type":"branch","line":87,"loc":{"start":{"line":87,"column":13},"end":{"line":87,"column":43}},"locations":[{"start":{"line":87,"column":13},"end":{"line":87,"column":43}}]},"4":{"type":"branch","line":93,"loc":{"start":{"line":93,"column":4},"end":{"line":111,"column":5}},"locations":[{"start":{"line":93,"column":4},"end":{"line":111,"column":5}}]},"5":{"type":"branch","line":95,"loc":{"start":{"line":95,"column":24},"end":{"line":95,"column":55}},"locations":[{"start":{"line":95,"column":24},"end":{"line":95,"column":55}}]},"6":{"type":"branch","line":96,"loc":{"start":{"line":96,"column":24},"end":{"line":96,"column":55}},"locations":[{"start":{"line":96,"column":24},"end":{"line":96,"column":55}}]},"7":{"type":"branch","line":97,"loc":{"start":{"line":97,"column":22},"end":{"line":97,"column":53}},"locations":[{"start":{"line":97,"column":22},"end":{"line":97,"column":53}}]},"8":{"type":"branch","line":98,"loc":{"start":{"line":98,"column":22},"end":{"line":98,"column":53}},"locations":[{"start":{"line":98,"column":22},"end":{"line":98,"column":53}}]},"9":{"type":"branch","line":100,"loc":{"start":{"line":100,"column":23},"end":{"line":100,"column":52}},"locations":[{"start":{"line":100,"column":23},"end":{"line":100,"column":52}}]},"10":{"type":"branch","line":100,"loc":{"start":{"line":100,"column":44},"end":{"line":100,"column":77}},"locations":[{"start":{"line":100,"column":44},"end":{"line":100,"column":77}}]},"11":{"type":"branch","line":100,"loc":{"start":{"line":100,"column":77},"end":{"line":106,"column":17}},"locations":[{"start":{"line":100,"column":77},"end":{"line":106,"column":17}}]},"12":{"type":"branch","line":106,"loc":{"start":{"line":106,"column":28},"end":{"line":106,"column":227}},"locations":[{"start":{"line":106,"column":28},"end":{"line":106,"column":227}}]},"13":{"type":"branch","line":106,"loc":{"start":{"line":106,"column":105},"end":{"line":109,"column":117}},"locations":[{"start":{"line":106,"column":105},"end":{"line":109,"column":117}}]},"14":{"type":"branch","line":107,"loc":{"start":{"line":107,"column":26},"end":{"line":107,"column":155}},"locations":[{"start":{"line":107,"column":26},"end":{"line":107,"column":155}}]},"15":{"type":"branch","line":108,"loc":{"start":{"line":108,"column":77},"end":{"line":109,"column":117}},"locations":[{"start":{"line":108,"column":77},"end":{"line":109,"column":117}}]},"16":{"type":"branch","line":113,"loc":{"start":{"line":113,"column":4},"end":{"line":125,"column":5}},"locations":[{"start":{"line":113,"column":4},"end":{"line":125,"column":5}}]},"17":{"type":"branch","line":114,"loc":{"start":{"line":114,"column":25},"end":{"line":114,"column":55}},"locations":[{"start":{"line":114,"column":25},"end":{"line":114,"column":55}}]},"18":{"type":"branch","line":114,"loc":{"start":{"line":114,"column":39},"end":{"line":114,"column":57}},"locations":[{"start":{"line":114,"column":39},"end":{"line":114,"column":57}}]},"19":{"type":"branch","line":115,"loc":{"start":{"line":115,"column":25},"end":{"line":115,"column":55}},"locations":[{"start":{"line":115,"column":25},"end":{"line":115,"column":55}}]},"20":{"type":"branch","line":116,"loc":{"start":{"line":116,"column":22},"end":{"line":116,"column":54}},"locations":[{"start":{"line":116,"column":22},"end":{"line":116,"column":54}}]},"21":{"type":"branch","line":118,"loc":{"start":{"line":118,"column":23},"end":{"line":118,"column":54}},"locations":[{"start":{"line":118,"column":23},"end":{"line":118,"column":54}}]},"22":{"type":"branch","line":118,"loc":{"start":{"line":118,"column":54},"end":{"line":120,"column":17}},"locations":[{"start":{"line":118,"column":54},"end":{"line":120,"column":17}}]},"23":{"type":"branch","line":120,"loc":{"start":{"line":120,"column":28},"end":{"line":120,"column":202}},"locations":[{"start":{"line":120,"column":28},"end":{"line":120,"column":202}}]},"24":{"type":"branch","line":120,"loc":{"start":{"line":120,"column":87},"end":{"line":123,"column":125}},"locations":[{"start":{"line":120,"column":87},"end":{"line":123,"column":125}}]},"25":{"type":"branch","line":121,"loc":{"start":{"line":121,"column":26},"end":{"line":121,"column":181}},"locations":[{"start":{"line":121,"column":26},"end":{"line":121,"column":181}}]},"26":{"type":"branch","line":122,"loc":{"start":{"line":122,"column":79},"end":{"line":123,"column":125}},"locations":[{"start":{"line":122,"column":79},"end":{"line":123,"column":125}}]},"27":{"type":"branch","line":127,"loc":{"start":{"line":127,"column":4},"end":{"line":146,"column":5}},"locations":[{"start":{"line":127,"column":4},"end":{"line":146,"column":5}}]},"28":{"type":"branch","line":128,"loc":{"start":{"line":128,"column":21},"end":{"line":128,"column":208}},"locations":[{"start":{"line":128,"column":21},"end":{"line":128,"column":208}}]},"29":{"type":"branch","line":128,"loc":{"start":{"line":128,"column":89},"end":{"line":130,"column":135}},"locations":[{"start":{"line":128,"column":89},"end":{"line":130,"column":135}}]},"30":{"type":"branch","line":129,"loc":{"start":{"line":129,"column":73},"end":{"line":130,"column":135}},"locations":[{"start":{"line":129,"column":73},"end":{"line":130,"column":135}}]},"31":{"type":"branch","line":133,"loc":{"start":{"line":133,"column":18},"end":{"line":133,"column":32}},"locations":[{"start":{"line":133,"column":18},"end":{"line":133,"column":32}}]},"32":{"type":"branch","line":133,"loc":{"start":{"line":133,"column":32},"end":{"line":144,"column":7}},"locations":[{"start":{"line":133,"column":32},"end":{"line":144,"column":7}}]},"33":{"type":"branch","line":136,"loc":{"start":{"line":136,"column":26},"end":{"line":136,"column":51}},"locations":[{"start":{"line":136,"column":26},"end":{"line":136,"column":51}}]},"34":{"type":"branch","line":137,"loc":{"start":{"line":137,"column":23},"end":{"line":142,"column":11}},"locations":[{"start":{"line":137,"column":23},"end":{"line":142,"column":11}}]},"35":{"type":"branch","line":143,"loc":{"start":{"line":143,"column":8},"end":{"line":143,"column":77}},"locations":[{"start":{"line":143,"column":8},"end":{"line":143,"column":77}}]},"36":{"type":"branch","line":148,"loc":{"start":{"line":148,"column":4},"end":{"line":152,"column":12}},"locations":[{"start":{"line":148,"column":4},"end":{"line":152,"column":12}}]},"37":{"type":"branch","line":149,"loc":{"start":{"line":149,"column":21},"end":{"line":151,"column":129}},"locations":[{"start":{"line":149,"column":21},"end":{"line":151,"column":129}}]},"38":{"type":"branch","line":150,"loc":{"start":{"line":150,"column":72},"end":{"line":151,"column":129}},"locations":[{"start":{"line":150,"column":72},"end":{"line":151,"column":129}}]},"39":{"type":"branch","line":154,"loc":{"start":{"line":154,"column":4},"end":{"line":158,"column":12}},"locations":[{"start":{"line":154,"column":4},"end":{"line":158,"column":12}}]},"40":{"type":"branch","line":155,"loc":{"start":{"line":155,"column":21},"end":{"line":157,"column":72}},"locations":[{"start":{"line":155,"column":21},"end":{"line":157,"column":72}}]},"41":{"type":"branch","line":155,"loc":{"start":{"line":155,"column":21},"end":{"line":155,"column":190}},"locations":[{"start":{"line":155,"column":21},"end":{"line":155,"column":190}}]},"42":{"type":"branch","line":156,"loc":{"start":{"line":156,"column":27},"end":{"line":157,"column":72}},"locations":[{"start":{"line":156,"column":27},"end":{"line":157,"column":72}}]},"43":{"type":"branch","line":160,"loc":{"start":{"line":160,"column":4},"end":{"line":163,"column":12}},"locations":[{"start":{"line":160,"column":4},"end":{"line":163,"column":12}}]},"44":{"type":"branch","line":161,"loc":{"start":{"line":161,"column":79},"end":{"line":162,"column":109}},"locations":[{"start":{"line":161,"column":79},"end":{"line":162,"column":109}}]},"45":{"type":"branch","line":165,"loc":{"start":{"line":165,"column":4},"end":{"line":176,"column":5}},"locations":[{"start":{"line":165,"column":4},"end":{"line":176,"column":5}}]},"46":{"type":"branch","line":167,"loc":{"start":{"line":167,"column":25},"end":{"line":167,"column":97}},"locations":[{"start":{"line":167,"column":25},"end":{"line":167,"column":97}}]},"47":{"type":"branch","line":168,"loc":{"start":{"line":168,"column":21},"end":{"line":174,"column":7}},"locations":[{"start":{"line":168,"column":21},"end":{"line":174,"column":7}}]},"48":{"type":"branch","line":170,"loc":{"start":{"line":170,"column":6},"end":{"line":174,"column":7}},"locations":[{"start":{"line":170,"column":6},"end":{"line":174,"column":7}}]},"49":{"type":"branch","line":172,"loc":{"start":{"line":172,"column":6},"end":{"line":174,"column":7}},"locations":[{"start":{"line":172,"column":6},"end":{"line":174,"column":7}}]},"50":{"type":"branch","line":178,"loc":{"start":{"line":178,"column":4},"end":{"line":179,"column":71}},"locations":[{"start":{"line":178,"column":4},"end":{"line":179,"column":71}}]},"51":{"type":"branch","line":187,"loc":{"start":{"line":187,"column":7},"end":{"line":195,"column":1}},"locations":[{"start":{"line":187,"column":7},"end":{"line":195,"column":1}}]},"52":{"type":"branch","line":190,"loc":{"start":{"line":190,"column":14},"end":{"line":190,"column":24}},"locations":[{"start":{"line":190,"column":14},"end":{"line":190,"column":24}}]},"53":{"type":"branch","line":190,"loc":{"start":{"line":190,"column":22},"end":{"line":192,"column":10}},"locations":[{"start":{"line":190,"column":22},"end":{"line":192,"column":10}}]},"54":{"type":"branch","line":192,"loc":{"start":{"line":192,"column":2},"end":{"line":194,"column":3}},"locations":[{"start":{"line":192,"column":2},"end":{"line":194,"column":3}}]},"55":{"type":"branch","line":197,"loc":{"start":{"line":197,"column":7},"end":{"line":213,"column":1}},"locations":[{"start":{"line":197,"column":7},"end":{"line":213,"column":1}}]},"56":{"type":"branch","line":212,"loc":{"start":{"line":212,"column":2},"end":{"line":212,"column":44}},"locations":[{"start":{"line":212,"column":2},"end":{"line":212,"column":44}}]},"57":{"type":"branch","line":202,"loc":{"start":{"line":202,"column":36},"end":{"line":206,"column":32}},"locations":[{"start":{"line":202,"column":36},"end":{"line":206,"column":32}}]},"58":{"type":"branch","line":203,"loc":{"start":{"line":203,"column":28},"end":{"line":204,"column":44}},"locations":[{"start":{"line":203,"column":28},"end":{"line":204,"column":44}}]},"59":{"type":"branch","line":204,"loc":{"start":{"line":204,"column":31},"end":{"line":205,"column":44}},"locations":[{"start":{"line":204,"column":31},"end":{"line":205,"column":44}}]},"60":{"type":"branch","line":205,"loc":{"start":{"line":205,"column":31},"end":{"line":206,"column":32}},"locations":[{"start":{"line":205,"column":31},"end":{"line":206,"column":32}}]},"61":{"type":"branch","line":220,"loc":{"start":{"line":220,"column":7},"end":{"line":258,"column":1}},"locations":[{"start":{"line":220,"column":7},"end":{"line":258,"column":1}}]},"62":{"type":"branch","line":234,"loc":{"start":{"line":234,"column":29},"end":{"line":243,"column":29}},"locations":[{"start":{"line":234,"column":29},"end":{"line":243,"column":29}}]},"63":{"type":"branch","line":234,"loc":{"start":{"line":234,"column":29},"end":{"line":234,"column":41}},"locations":[{"start":{"line":234,"column":29},"end":{"line":234,"column":41}}]},"64":{"type":"branch","line":243,"loc":{"start":{"line":243,"column":29},"end":{"line":246,"column":15}},"locations":[{"start":{"line":243,"column":29},"end":{"line":246,"column":15}}]},"65":{"type":"branch","line":246,"loc":{"start":{"line":246,"column":4},"end":{"line":255,"column":10}},"locations":[{"start":{"line":246,"column":4},"end":{"line":255,"column":10}}]},"66":{"type":"branch","line":246,"loc":{"start":{"line":246,"column":4},"end":{"line":252,"column":5}},"locations":[{"start":{"line":246,"column":4},"end":{"line":252,"column":5}}]},"67":{"type":"branch","line":246,"loc":{"start":{"line":246,"column":26},"end":{"line":252,"column":5}},"locations":[{"start":{"line":246,"column":26},"end":{"line":252,"column":5}}]},"68":{"type":"branch","line":249,"loc":{"start":{"line":249,"column":4},"end":{"line":252,"column":5}},"locations":[{"start":{"line":249,"column":4},"end":{"line":252,"column":5}}]},"69":{"type":"branch","line":255,"loc":{"start":{"line":255,"column":2},"end":{"line":257,"column":3}},"locations":[{"start":{"line":255,"column":2},"end":{"line":257,"column":3}}]},"70":{"type":"branch","line":228,"loc":{"start":{"line":228,"column":36},"end":{"line":231,"column":33}},"locations":[{"start":{"line":228,"column":36},"end":{"line":231,"column":33}}]},"71":{"type":"branch","line":264,"loc":{"start":{"line":264,"column":7},"end":{"line":333,"column":1}},"locations":[{"start":{"line":264,"column":7},"end":{"line":333,"column":1}}]},"72":{"type":"branch","line":280,"loc":{"start":{"line":280,"column":29},"end":{"line":280,"column":41}},"locations":[{"start":{"line":280,"column":29},"end":{"line":280,"column":41}}]},"73":{"type":"branch","line":280,"loc":{"start":{"line":280,"column":36},"end":{"line":328,"column":70}},"locations":[{"start":{"line":280,"column":36},"end":{"line":328,"column":70}}]},"74":{"type":"branch","line":289,"loc":{"start":{"line":289,"column":26},"end":{"line":289,"column":37}},"locations":[{"start":{"line":289,"column":26},"end":{"line":289,"column":37}}]},"75":{"type":"branch","line":289,"loc":{"start":{"line":289,"column":30},"end":{"line":289,"column":44}},"locations":[{"start":{"line":289,"column":30},"end":{"line":289,"column":44}}]},"76":{"type":"branch","line":290,"loc":{"start":{"line":290,"column":22},"end":{"line":291,"column":71}},"locations":[{"start":{"line":290,"column":22},"end":{"line":291,"column":71}}]},"77":{"type":"branch","line":291,"loc":{"start":{"line":291,"column":47},"end":{"line":292,"column":71}},"locations":[{"start":{"line":291,"column":47},"end":{"line":292,"column":71}}]},"78":{"type":"branch","line":299,"loc":{"start":{"line":299,"column":28},"end":{"line":316,"column":7}},"locations":[{"start":{"line":299,"column":28},"end":{"line":316,"column":7}}]},"79":{"type":"branch","line":302,"loc":{"start":{"line":302,"column":23},"end":{"line":302,"column":48}},"locations":[{"start":{"line":302,"column":23},"end":{"line":302,"column":48}}]},"80":{"type":"branch","line":302,"loc":{"start":{"line":302,"column":48},"end":{"line":302,"column":57}},"locations":[{"start":{"line":302,"column":48},"end":{"line":302,"column":57}}]},"81":{"type":"branch","line":302,"loc":{"start":{"line":302,"column":48},"end":{"line":307,"column":61}},"locations":[{"start":{"line":302,"column":48},"end":{"line":307,"column":61}}]},"82":{"type":"branch","line":307,"loc":{"start":{"line":307,"column":36},"end":{"line":307,"column":61}},"locations":[{"start":{"line":307,"column":36},"end":{"line":307,"column":61}}]},"83":{"type":"branch","line":307,"loc":{"start":{"line":307,"column":36},"end":{"line":310,"column":40}},"locations":[{"start":{"line":307,"column":36},"end":{"line":310,"column":40}}]},"84":{"type":"branch","line":310,"loc":{"start":{"line":310,"column":35},"end":{"line":310,"column":42}},"locations":[{"start":{"line":310,"column":35},"end":{"line":310,"column":42}}]},"85":{"type":"branch","line":328,"loc":{"start":{"line":328,"column":48},"end":{"line":328,"column":70}},"locations":[{"start":{"line":328,"column":48},"end":{"line":328,"column":70}}]},"86":{"type":"branch","line":328,"loc":{"start":{"line":328,"column":52},"end":{"line":328,"column":80}},"locations":[{"start":{"line":328,"column":52},"end":{"line":328,"column":80}}]},"87":{"type":"branch","line":330,"loc":{"start":{"line":330,"column":2},"end":{"line":332,"column":3}},"locations":[{"start":{"line":330,"column":2},"end":{"line":332,"column":3}}]},"88":{"type":"branch","line":274,"loc":{"start":{"line":274,"column":36},"end":{"line":277,"column":33}},"locations":[{"start":{"line":274,"column":36},"end":{"line":277,"column":33}}]},"89":{"type":"branch","line":335,"loc":{"start":{"line":335,"column":7},"end":{"line":339,"column":1}},"locations":[{"start":{"line":335,"column":7},"end":{"line":339,"column":1}}]},"90":{"type":"branch","line":337,"loc":{"start":{"line":337,"column":23},"end":{"line":337,"column":35}},"locations":[{"start":{"line":337,"column":23},"end":{"line":337,"column":35}}]},"91":{"type":"branch","line":338,"loc":{"start":{"line":338,"column":24},"end":{"line":338,"column":77}},"locations":[{"start":{"line":338,"column":24},"end":{"line":338,"column":77}}]},"92":{"type":"branch","line":338,"loc":{"start":{"line":338,"column":58},"end":{"line":338,"column":73}},"locations":[{"start":{"line":338,"column":58},"end":{"line":338,"column":73}}]},"93":{"type":"branch","line":341,"loc":{"start":{"line":341,"column":7},"end":{"line":344,"column":1}},"locations":[{"start":{"line":341,"column":7},"end":{"line":344,"column":1}}]},"94":{"type":"branch","line":343,"loc":{"start":{"line":343,"column":33},"end":{"line":343,"column":47}},"locations":[{"start":{"line":343,"column":33},"end":{"line":343,"column":47}}]}},"b":{"0":[32],"1":[24],"2":[8],"3":[12],"4":[8],"5":[5],"6":[0],"7":[5],"8":[0],"9":[0],"10":[0],"11":[0],"12":[6],"13":[2],"14":[0],"15":[0],"16":[8],"17":[3],"18":[5],"19":[0],"20":[0],"21":[0],"22":[0],"23":[7],"24":[1],"25":[0],"26":[0],"27":[6],"28":[4],"29":[2],"30":[0],"31":[4],"32":[4],"33":[2],"34":[2],"35":[0],"36":[2],"37":[1],"38":[0],"39":[3],"40":[2],"41":[1],"42":[1],"43":[2],"44":[0],"45":[3],"46":[0],"47":[2],"48":[1],"49":[0],"50":[0],"51":[123],"52":[43],"53":[80],"54":[0],"55":[79],"56":[0],"57":[38],"58":[37],"59":[37],"60":[37],"61":[5],"62":[4],"63":[1],"64":[1],"65":[4],"66":[3],"67":[2],"68":[1],"69":[0],"70":[9],"71":[34],"72":[1],"73":[33],"74":[25],"75":[8],"76":[25],"77":[8],"78":[231],"79":[172],"80":[59],"81":[172],"82":[140],"83":[32],"84":[0],"85":[32],"86":[1],"87":[0],"88":[66],"89":[1],"90":[0],"91":[1],"92":[0],"93":[1],"94":[1]},"fnMap":{"0":{"name":"explainDimensionDelta","decl":{"start":{"line":75,"column":0},"end":{"line":183,"column":1}},"loc":{"start":{"line":75,"column":0},"end":{"line":183,"column":1}},"line":75},"1":{"name":"loadScoreHistory","decl":{"start":{"line":187,"column":7},"end":{"line":195,"column":1}},"loc":{"start":{"line":187,"column":7},"end":{"line":195,"column":1}},"line":187},"2":{"name":"recordScore","decl":{"start":{"line":197,"column":7},"end":{"line":213,"column":1}},"loc":{"start":{"line":197,"column":7},"end":{"line":213,"column":1}},"line":197},"3":{"name":"getScoreDelta","decl":{"start":{"line":220,"column":7},"end":{"line":258,"column":1}},"loc":{"start":{"line":220,"column":7},"end":{"line":258,"column":1}},"line":220},"4":{"name":"getAttributedDelta","decl":{"start":{"line":264,"column":7},"end":{"line":333,"column":1}},"loc":{"start":{"line":264,"column":7},"end":{"line":333,"column":1}},"line":264},"5":{"name":"getBestScore","decl":{"start":{"line":335,"column":7},"end":{"line":339,"column":1}},"loc":{"start":{"line":335,"column":7},"end":{"line":339,"column":1}},"line":335},"6":{"name":"getAssessedRoles","decl":{"start":{"line":341,"column":7},"end":{"line":344,"column":1}},"loc":{"start":{"line":341,"column":7},"end":{"line":344,"column":1}},"line":341}},"f":{"0":32,"1":123,"2":79,"3":5,"4":34,"5":1,"6":1}}
}
