{"total": {"lines":{"total":8605,"covered":8155,"skipped":0,"pct":94.77},"statements":{"total":8605,"covered":8155,"skipped":0,"pct":94.77},"functions":{"total":163,"covered":154,"skipped":0,"pct":94.47},"branches":{"total":2089,"covered":1721,"skipped":0,"pct":82.38},"branchesTrue":{"total":0,"covered":0,"skipped":0,"pct":100}}
,"D:\\aipro project\\artifacts\\humanproof\\src\\data\\companyDatabase.ts": {"lines":{"total":2864,"covered":2864,"skipped":0,"pct":100},"functions":{"total":5,"covered":5,"skipped":0,"pct":100},"statements":{"total":2864,"covered":2864,"skipped":0,"pct":100},"branches":{"total":32,"covered":32,"skipped":0,"pct":100}}
,"D:\\aipro project\\artifacts\\humanproof\\src\\data\\industryRiskData.ts": {"lines":{"total":103,"covered":103,"skipped":0,"pct":100},"functions":{"total":2,"covered":2,"skipped":0,"pct":100},"statements":{"total":103,"covered":103,"skipped":0,"pct":100},"branches":{"total":6,"covered":6,"skipped":0,"pct":100}}
,"D:\\aipro project\\artifacts\\humanproof\\src\\data\\roleExposureData.ts": {"lines":{"total":380,"covered":378,"skipped":0,"pct":99.47},"functions":{"total":8,"covered":8,"skipped":0,"pct":100},"statements":{"total":380,"covered":378,"skipped":0,"pct":99.47},"branches":{"total":31,"covered":29,"skipped":0,"pct":93.54}}
,"D:\\aipro project\\artifacts\\humanproof\\src\\services\\apiCircuitBreaker.ts": {"lines":{"total":336,"covered":333,"skipped":0,"pct":99.1},"functions":{"total":24,"covered":24,"skipped":0,"pct":100},"statements":{"total":336,"covered":333,"skipped":0,"pct":99.1},"branches":{"total":128,"covered":115,"skipped":0,"pct":89.84}}
,"D:\\aipro project\\artifacts\\humanproof\\src\\services\\careerPathMarket.ts": {"lines":{"total":840,"covered":828,"skipped":0,"pct":98.57},"functions":{"total":13,"covered":12,"skipped":0,"pct":92.3},"statements":{"total":840,"covered":828,"skipped":0,"pct":98.57},"branches":{"total":147,"covered":113,"skipped":0,"pct":76.87}}
,"D:\\aipro project\\artifacts\\humanproof\\src\\services\\collapsePredictor.ts": {"lines":{"total":407,"covered":330,"skipped":0,"pct":81.08},"functions":{"total":19,"covered":15,"skipped":0,"pct":78.94},"statements":{"total":407,"covered":330,"skipped":0,"pct":81.08},"branches":{"total":152,"covered":122,"skipped":0,"pct":80.26}}
,"D:\\aipro project\\artifacts\\humanproof\\src\\services\\financialContextService.ts": {"lines":{"total":205,"covered":201,"skipped":0,"pct":98.04},"functions":{"total":9,"covered":9,"skipped":0,"pct":100},"statements":{"total":205,"covered":201,"skipped":0,"pct":98.04},"branches":{"total":100,"covered":87,"skipped":0,"pct":87}}
,"D:\\aipro project\\artifacts\\humanproof\\src\\services\\layoffScoreEngine.ts": {"lines":{"total":2806,"covered":2482,"skipped":0,"pct":88.45},"functions":{"total":61,"covered":57,"skipped":0,"pct":93.44},"statements":{"total":2806,"covered":2482,"skipped":0,"pct":88.45},"branches":{"total":1116,"covered":874,"skipped":0,"pct":78.31}}
,"D:\\aipro project\\artifacts\\humanproof\\src\\services\\peerPercentile.ts": {"lines":{"total":176,"covered":175,"skipped":0,"pct":99.43},"functions":{"total":9,"covered":9,"skipped":0,"pct":100},"statements":{"total":176,"covered":175,"skipped":0,"pct":99.43},"branches":{"total":74,"covered":68,"skipped":0,"pct":91.89}}
,"D:\\aipro project\\artifacts\\humanproof\\src\\services\\scoreDeltaService.ts": {"lines":{"total":488,"covered":461,"skipped":0,"pct":94.46},"functions":{"total":13,"covered":13,"skipped":0,"pct":100},"statements":{"total":488,"covered":461,"skipped":0,"pct":94.46},"branches":{"total":303,"covered":275,"skipped":0,"pct":90.75}}
}
